<html>
<head>
<title>TestNG:  Run on Edge</title>
<link href="../testng.css" rel="stylesheet" type="text/css" />
<link href="../my-testng.css" rel="stylesheet" type="text/css" />

<style type="text/css">
.log { display: none;} 
.stack-trace { display: none;} 
</style>
<script type="text/javascript">
<!--
function flip(e) {
  current = e.style.display;
  if (current == 'block') {
    e.style.display = 'none';
    return 0;
  }
  else {
    e.style.display = 'block';
    return 1;
  }
}

function toggleBox(szDivId, elem, msg1, msg2)
{
  var res = -1;  if (document.getElementById) {
    res = flip(document.getElementById(szDivId));
  }
  else if (document.all) {
    // this is the way old msie versions work
    res = flip(document.all[szDivId]);
  }
  if(elem) {
    if(res == 0) elem.innerHTML = msg1; else elem.innerHTML = msg2;
  }

}

function toggleAllBoxes() {
  if (document.getElementsByTagName) {
    d = document.getElementsByTagName('div');
    for (i = 0; i < d.length; i++) {
      if (d[i].className == 'log') {
        flip(d[i]);
      }
    }
  }
}

// -->
</script>

</head>
<body>
<h2 align='center'>Run on Edge</h2><table border='1' align="center">
<tr>
<td>Tests passed/Failed/Skipped:</td><td>0/0/2</td>
</tr><tr>
<td>Started on:</td><td>Mon May 15 10:59:57 ICT 2023</td>
</tr>
<tr><td>Total time:</td><td>9 seconds (9355 ms)</td>
</tr><tr>
<td>Included groups:</td><td></td>
</tr><tr>
<td>Excluded groups:</td><td></td>
</tr>
</table><p/>
<small><i>(Hover the method name to see the test class name)</i></small><p/>
<table width='100%' border='1' class='invocation-failed'>
<tr><td colspan='4' align='center'><b>FAILED CONFIGURATIONS</b></td></tr>
<tr><td><b>Test method</b></td>
<td width="30%"><b>Exception</b></td>
<td width="10%"><b>Time (seconds)</b></td>
<td><b>Instance</b></td>
</tr>
<tr>
<td title='showslinger_user.User_04_Forgot_Password.beforeClass()'><b>beforeClass</b><br>Test class: showslinger_user.User_04_Forgot_Password</td>
<td><div><pre>org.openqa.selenium.SessionNotCreatedException: session not created: This version of Microsoft Edge WebDriver only supports Microsoft Edge version 110
Current browser version is 113.0.1774.35 with binary path /Applications/Microsoft Edge.app/Contents/MacOS/Microsoft Edge
Build info: version: &apos;3.141.59&apos;, revision: &apos;e82be7d358&apos;, time: &apos;2018-11-14T08:25:53&apos;
System info: host: &apos;DANGs-MacBook-Pro.local&apos;, ip: &apos;fe80:0:0:0:4ea:35e2:1f8b:845d%en0&apos;, os.name: &apos;Mac OS X&apos;, os.arch: &apos;x86_64&apos;, os.version: &apos;12.5.1&apos;, java.version: &apos;17.0.6&apos;
Driver info: driver.version: EdgeDriver
remote stacktrace: 0   msedgedriver                        0x00000001062dace8 msedgedriver + 5090536
1   msedgedriver                        0x0000000106248123 msedgedriver + 4489507
2   msedgedriver                        0x0000000105e74147 msedgedriver + 475463
3   msedgedriver                        0x0000000105ea8379 msedgedriver + 689017
4   msedgedriver                        0x0000000105ea3400 msedgedriver + 668672
5   msedgedriver                        0x0000000105e9ea06 msedgedriver + 649734
6   msedgedriver                        0x0000000105eedfc6 msedgedriver + 974790
7   msedgedriver                        0x0000000105ee3fe3 msedgedriver + 933859
8   msedgedriver                        0x0000000105eab138 msedgedriver + 700728
9   msedgedriver                        0x0000000105eac7b4 msedgedriver + 706484
10  msedgedriver                        0x00000001062a232e msedgedriver + 4858670
11  msedgedriver                        0x00000001062a6daf msedgedriver + 4877743
12  msedgedriver                        0x00000001062a7678 msedgedriver + 4879992
13  msedgedriver                        0x00000001062b06df msedgedriver + 4916959
14  msedgedriver                        0x00000001062a7eb2 msedgedriver + 4882098
15  msedgedriver                        0x000000010627aaa4 msedgedriver + 4696740
16  msedgedriver                        0x00000001062cd868 msedgedriver + 5036136
17  msedgedriver                        0x00000001062cd987 msedgedriver + 5036423
18  msedgedriver                        0x00000001062e343e msedgedriver + 5125182
19  libsystem_pthread.dylib             0x00007ff81730d4e1 _pthread_start + 125
20  libsystem_pthread.dylib             0x00007ff817308f6b thread_start + 15

	at org.openqa.selenium.remote.W3CHandshakeResponse.lambda$errorHandler$0(W3CHandshakeResponse.java:62)
	at org.openqa.selenium.remote.HandshakeResponse.lambda$getResponseFunction$0(HandshakeResponse.java:30)
	at org.openqa.selenium.remote.ProtocolHandshake.lambda$createSession$0(ProtocolHandshake.java:126)
	at java.base/java.util.stream.ReferencePipeline$3$1.accept(ReferencePipeline.java:197)
	at java.base/java.util.Spliterators$ArraySpliterator.tryAdvance(Spliterators.java:1002)
	at java.base/java.util.stream.ReferencePipeline.forEachWithCancel(ReferencePipeline.java:129)
	at java.base/java.util.stream.AbstractPipeline.copyIntoWithCancel(AbstractPipeline.java:527)
	at java.base/java.util.stream.AbstractPipeline.copyInto(AbstractPipeline.java:513)
	at java.base/java.util.stream.AbstractPipeline.wrapAndCopyInto(AbstractPipeline.java:499)
	at java.base/java.util.stream.FindOps$FindOp.evaluateSequential(FindOps.java:150)
	at java.base/java.util.stream.AbstractPipeline.evaluate(AbstractPipeline.java:234)
	at java.base/java.util.stream.ReferencePipeline.findFirst(ReferencePipeline.java:647)
	at org.openqa.selenium.remote.ProtocolHandshake.createSession(ProtocolHandshake.java:128)
	at org.openqa.selenium.remote.ProtocolHandshake.createSession(ProtocolHandshake.java:74)
	at org.openqa.selenium.remote.HttpCommandExecutor.execute(HttpCommandExecutor.java:136)
	at org.openqa.selenium.remote.service.DriverCommandExecutor.execute(DriverCommandExecutor.java:83)
	at org.openqa.selenium.remote.RemoteWebDriver.execute(RemoteWebDriver.java:552)
	at org.openqa.selenium.remote.RemoteWebDriver.startSession(RemoteWebDriver.java:213)
	at org.openqa.selenium.remote.RemoteWebDriver.&lt;init&gt;(RemoteWebDriver.java:131)
	at org.openqa.selenium.edge.EdgeDriver.&lt;init&gt;(EdgeDriver.java:141)
	at org.openqa.selenium.edge.EdgeDriver.&lt;init&gt;(EdgeDriver.java:96)
	at showslinger_user.User_04_Forgot_Password.beforeClass(User_04_Forgot_Password.java:46)
... Removed 31 stack frames</pre></div><a href='#' onClick='toggleBox("stack-trace955611965", this, "Click to show all stack frames", "Click to hide stack frames")'>Click to show all stack frames</a>
<div class='stack-trace' id='stack-trace955611965'><pre>org.openqa.selenium.SessionNotCreatedException: session not created: This version of Microsoft Edge WebDriver only supports Microsoft Edge version 110
Current browser version is 113.0.1774.35 with binary path /Applications/Microsoft Edge.app/Contents/MacOS/Microsoft Edge
Build info: version: &apos;3.141.59&apos;, revision: &apos;e82be7d358&apos;, time: &apos;2018-11-14T08:25:53&apos;
System info: host: &apos;DANGs-MacBook-Pro.local&apos;, ip: &apos;fe80:0:0:0:4ea:35e2:1f8b:845d%en0&apos;, os.name: &apos;Mac OS X&apos;, os.arch: &apos;x86_64&apos;, os.version: &apos;12.5.1&apos;, java.version: &apos;17.0.6&apos;
Driver info: driver.version: EdgeDriver
remote stacktrace: 0   msedgedriver                        0x00000001062dace8 msedgedriver + 5090536
1   msedgedriver                        0x0000000106248123 msedgedriver + 4489507
2   msedgedriver                        0x0000000105e74147 msedgedriver + 475463
3   msedgedriver                        0x0000000105ea8379 msedgedriver + 689017
4   msedgedriver                        0x0000000105ea3400 msedgedriver + 668672
5   msedgedriver                        0x0000000105e9ea06 msedgedriver + 649734
6   msedgedriver                        0x0000000105eedfc6 msedgedriver + 974790
7   msedgedriver                        0x0000000105ee3fe3 msedgedriver + 933859
8   msedgedriver                        0x0000000105eab138 msedgedriver + 700728
9   msedgedriver                        0x0000000105eac7b4 msedgedriver + 706484
10  msedgedriver                        0x00000001062a232e msedgedriver + 4858670
11  msedgedriver                        0x00000001062a6daf msedgedriver + 4877743
12  msedgedriver                        0x00000001062a7678 msedgedriver + 4879992
13  msedgedriver                        0x00000001062b06df msedgedriver + 4916959
14  msedgedriver                        0x00000001062a7eb2 msedgedriver + 4882098
15  msedgedriver                        0x000000010627aaa4 msedgedriver + 4696740
16  msedgedriver                        0x00000001062cd868 msedgedriver + 5036136
17  msedgedriver                        0x00000001062cd987 msedgedriver + 5036423
18  msedgedriver                        0x00000001062e343e msedgedriver + 5125182
19  libsystem_pthread.dylib             0x00007ff81730d4e1 _pthread_start + 125
20  libsystem_pthread.dylib             0x00007ff817308f6b thread_start + 15

	at java.base/jdk.internal.reflect.NativeConstructorAccessorImpl.newInstance0(Native Method)
	at java.base/jdk.internal.reflect.NativeConstructorAccessorImpl.newInstance(NativeConstructorAccessorImpl.java:77)
	at java.base/jdk.internal.reflect.DelegatingConstructorAccessorImpl.newInstance(DelegatingConstructorAccessorImpl.java:45)
	at java.base/java.lang.reflect.Constructor.newInstanceWithCaller(Constructor.java:499)
	at java.base/java.lang.reflect.Constructor.newInstance(Constructor.java:480)
	at org.openqa.selenium.remote.W3CHandshakeResponse.lambda$errorHandler$0(W3CHandshakeResponse.java:62)
	at org.openqa.selenium.remote.HandshakeResponse.lambda$getResponseFunction$0(HandshakeResponse.java:30)
	at org.openqa.selenium.remote.ProtocolHandshake.lambda$createSession$0(ProtocolHandshake.java:126)
	at java.base/java.util.stream.ReferencePipeline$3$1.accept(ReferencePipeline.java:197)
	at java.base/java.util.Spliterators$ArraySpliterator.tryAdvance(Spliterators.java:1002)
	at java.base/java.util.stream.ReferencePipeline.forEachWithCancel(ReferencePipeline.java:129)
	at java.base/java.util.stream.AbstractPipeline.copyIntoWithCancel(AbstractPipeline.java:527)
	at java.base/java.util.stream.AbstractPipeline.copyInto(AbstractPipeline.java:513)
	at java.base/java.util.stream.AbstractPipeline.wrapAndCopyInto(AbstractPipeline.java:499)
	at java.base/java.util.stream.FindOps$FindOp.evaluateSequential(FindOps.java:150)
	at java.base/java.util.stream.AbstractPipeline.evaluate(AbstractPipeline.java:234)
	at java.base/java.util.stream.ReferencePipeline.findFirst(ReferencePipeline.java:647)
	at org.openqa.selenium.remote.ProtocolHandshake.createSession(ProtocolHandshake.java:128)
	at org.openqa.selenium.remote.ProtocolHandshake.createSession(ProtocolHandshake.java:74)
	at org.openqa.selenium.remote.HttpCommandExecutor.execute(HttpCommandExecutor.java:136)
	at org.openqa.selenium.remote.service.DriverCommandExecutor.execute(DriverCommandExecutor.java:83)
	at org.openqa.selenium.remote.RemoteWebDriver.execute(RemoteWebDriver.java:552)
	at org.openqa.selenium.remote.RemoteWebDriver.startSession(RemoteWebDriver.java:213)
	at org.openqa.selenium.remote.RemoteWebDriver.&lt;init&gt;(RemoteWebDriver.java:131)
	at org.openqa.selenium.edge.EdgeDriver.&lt;init&gt;(EdgeDriver.java:141)
	at org.openqa.selenium.edge.EdgeDriver.&lt;init&gt;(EdgeDriver.java:96)
	at showslinger_user.User_04_Forgot_Password.beforeClass(User_04_Forgot_Password.java:46)
	at java.base/jdk.internal.reflect.NativeMethodAccessorImpl.invoke0(Native Method)
	at java.base/jdk.internal.reflect.NativeMethodAccessorImpl.invoke(NativeMethodAccessorImpl.java:77)
	at java.base/jdk.internal.reflect.DelegatingMethodAccessorImpl.invoke(DelegatingMethodAccessorImpl.java:43)
	at java.base/java.lang.reflect.Method.invoke(Method.java:568)
	at org.testng.internal.MethodInvocationHelper.invokeMethod(MethodInvocationHelper.java:124)
	at org.testng.internal.MethodInvocationHelper.invokeMethodConsideringTimeout(MethodInvocationHelper.java:59)
	at org.testng.internal.Invoker.invokeConfigurationMethod(Invoker.java:458)
	at org.testng.internal.Invoker.invokeConfigurations(Invoker.java:222)
	at org.testng.internal.Invoker.invokeConfigurations(Invoker.java:142)
	at org.testng.internal.TestMethodWorker.invokeBeforeClassMethods(TestMethodWorker.java:168)
	at org.testng.internal.TestMethodWorker.run(TestMethodWorker.java:105)
	at org.testng.TestRunner.privateRun(TestRunner.java:648)
	at org.testng.TestRunner.run(TestRunner.java:505)
	at org.testng.SuiteRunner.runTest(SuiteRunner.java:455)
	at org.testng.SuiteRunner.runSequentially(SuiteRunner.java:450)
	at org.testng.SuiteRunner.privateRun(SuiteRunner.java:415)
	at org.testng.SuiteRunner.run(SuiteRunner.java:364)
	at org.testng.SuiteRunnerWorker.runSuite(SuiteRunnerWorker.java:52)
	at org.testng.SuiteRunnerWorker.run(SuiteRunnerWorker.java:84)
	at org.testng.TestNG.runSuitesSequentially(TestNG.java:1208)
	at org.testng.TestNG.runSuitesLocally(TestNG.java:1137)
	at org.testng.TestNG.runSuites(TestNG.java:1049)
	at org.testng.TestNG.run(TestNG.java:1017)
	at org.testng.remote.AbstractRemoteTestNG.run(AbstractRemoteTestNG.java:115)
	at org.testng.remote.RemoteTestNG.initAndRun(RemoteTestNG.java:251)
	at org.testng.remote.RemoteTestNG.main(RemoteTestNG.java:77)
</pre></div></td>
<td>9</td>
<td>showslinger_user.User_04_Forgot_Password@65d09a04</td></tr>
</table><p>
<table width='100%' border='1' class='invocation-skipped'>
<tr><td colspan='4' align='center'><b>SKIPPED CONFIGURATIONS</b></td></tr>
<tr><td><b>Test method</b></td>
<td width="30%"><b>Exception</b></td>
<td width="10%"><b>Time (seconds)</b></td>
<td><b>Instance</b></td>
</tr>
<tr>
<td title='showslinger_user.User_04_Forgot_Password.afterClass()'><b>afterClass</b><br>Test class: showslinger_user.User_04_Forgot_Password</td>
<td></td>
<td>0</td>
<td>showslinger_user.User_04_Forgot_Password@65d09a04</td></tr>
</table><p>
<table width='100%' border='1' class='invocation-skipped'>
<tr><td colspan='4' align='center'><b>SKIPPED TESTS</b></td></tr>
<tr><td><b>Test method</b></td>
<td width="30%"><b>Exception</b></td>
<td width="10%"><b>Time (seconds)</b></td>
<td><b>Instance</b></td>
</tr>
<tr>
<td title='showslinger_user.User_04_Forgot_Password.Forgot_00_Alert_Authen()'><b>Forgot_00_Alert_Authen</b><br>Test class: showslinger_user.User_04_Forgot_Password</td>
<td><div><pre>org.openqa.selenium.SessionNotCreatedException: session not created: This version of Microsoft Edge WebDriver only supports Microsoft Edge version 110
Current browser version is 113.0.1774.35 with binary path /Applications/Microsoft Edge.app/Contents/MacOS/Microsoft Edge
Build info: version: &apos;3.141.59&apos;, revision: &apos;e82be7d358&apos;, time: &apos;2018-11-14T08:25:53&apos;
System info: host: &apos;DANGs-MacBook-Pro.local&apos;, ip: &apos;fe80:0:0:0:4ea:35e2:1f8b:845d%en0&apos;, os.name: &apos;Mac OS X&apos;, os.arch: &apos;x86_64&apos;, os.version: &apos;12.5.1&apos;, java.version: &apos;17.0.6&apos;
Driver info: driver.version: EdgeDriver
remote stacktrace: 0   msedgedriver                        0x00000001062dace8 msedgedriver + 5090536
1   msedgedriver                        0x0000000106248123 msedgedriver + 4489507
2   msedgedriver                        0x0000000105e74147 msedgedriver + 475463
3   msedgedriver                        0x0000000105ea8379 msedgedriver + 689017
4   msedgedriver                        0x0000000105ea3400 msedgedriver + 668672
5   msedgedriver                        0x0000000105e9ea06 msedgedriver + 649734
6   msedgedriver                        0x0000000105eedfc6 msedgedriver + 974790
7   msedgedriver                        0x0000000105ee3fe3 msedgedriver + 933859
8   msedgedriver                        0x0000000105eab138 msedgedriver + 700728
9   msedgedriver                        0x0000000105eac7b4 msedgedriver + 706484
10  msedgedriver                        0x00000001062a232e msedgedriver + 4858670
11  msedgedriver                        0x00000001062a6daf msedgedriver + 4877743
12  msedgedriver                        0x00000001062a7678 msedgedriver + 4879992
13  msedgedriver                        0x00000001062b06df msedgedriver + 4916959
14  msedgedriver                        0x00000001062a7eb2 msedgedriver + 4882098
15  msedgedriver                        0x000000010627aaa4 msedgedriver + 4696740
16  msedgedriver                        0x00000001062cd868 msedgedriver + 5036136
17  msedgedriver                        0x00000001062cd987 msedgedriver + 5036423
18  msedgedriver                        0x00000001062e343e msedgedriver + 5125182
19  libsystem_pthread.dylib             0x00007ff81730d4e1 _pthread_start + 125
20  libsystem_pthread.dylib             0x00007ff817308f6b thread_start + 15

	at org.openqa.selenium.remote.W3CHandshakeResponse.lambda$errorHandler$0(W3CHandshakeResponse.java:62)
	at org.openqa.selenium.remote.HandshakeResponse.lambda$getResponseFunction$0(HandshakeResponse.java:30)
	at org.openqa.selenium.remote.ProtocolHandshake.lambda$createSession$0(ProtocolHandshake.java:126)
	at java.base/java.util.stream.ReferencePipeline$3$1.accept(ReferencePipeline.java:197)
	at java.base/java.util.Spliterators$ArraySpliterator.tryAdvance(Spliterators.java:1002)
	at java.base/java.util.stream.ReferencePipeline.forEachWithCancel(ReferencePipeline.java:129)
	at java.base/java.util.stream.AbstractPipeline.copyIntoWithCancel(AbstractPipeline.java:527)
	at java.base/java.util.stream.AbstractPipeline.copyInto(AbstractPipeline.java:513)
	at java.base/java.util.stream.AbstractPipeline.wrapAndCopyInto(AbstractPipeline.java:499)
	at java.base/java.util.stream.FindOps$FindOp.evaluateSequential(FindOps.java:150)
	at java.base/java.util.stream.AbstractPipeline.evaluate(AbstractPipeline.java:234)
	at java.base/java.util.stream.ReferencePipeline.findFirst(ReferencePipeline.java:647)
	at org.openqa.selenium.remote.ProtocolHandshake.createSession(ProtocolHandshake.java:128)
	at org.openqa.selenium.remote.ProtocolHandshake.createSession(ProtocolHandshake.java:74)
	at org.openqa.selenium.remote.HttpCommandExecutor.execute(HttpCommandExecutor.java:136)
	at org.openqa.selenium.remote.service.DriverCommandExecutor.execute(DriverCommandExecutor.java:83)
	at org.openqa.selenium.remote.RemoteWebDriver.execute(RemoteWebDriver.java:552)
	at org.openqa.selenium.remote.RemoteWebDriver.startSession(RemoteWebDriver.java:213)
	at org.openqa.selenium.remote.RemoteWebDriver.&lt;init&gt;(RemoteWebDriver.java:131)
	at org.openqa.selenium.edge.EdgeDriver.&lt;init&gt;(EdgeDriver.java:141)
	at org.openqa.selenium.edge.EdgeDriver.&lt;init&gt;(EdgeDriver.java:96)
	at showslinger_user.User_04_Forgot_Password.beforeClass(User_04_Forgot_Password.java:46)
... Removed 31 stack frames</pre></div><a href='#' onClick='toggleBox("stack-trace1730337646", this, "Click to show all stack frames", "Click to hide stack frames")'>Click to show all stack frames</a>
<div class='stack-trace' id='stack-trace1730337646'><pre>org.openqa.selenium.SessionNotCreatedException: session not created: This version of Microsoft Edge WebDriver only supports Microsoft Edge version 110
Current browser version is 113.0.1774.35 with binary path /Applications/Microsoft Edge.app/Contents/MacOS/Microsoft Edge
Build info: version: &apos;3.141.59&apos;, revision: &apos;e82be7d358&apos;, time: &apos;2018-11-14T08:25:53&apos;
System info: host: &apos;DANGs-MacBook-Pro.local&apos;, ip: &apos;fe80:0:0:0:4ea:35e2:1f8b:845d%en0&apos;, os.name: &apos;Mac OS X&apos;, os.arch: &apos;x86_64&apos;, os.version: &apos;12.5.1&apos;, java.version: &apos;17.0.6&apos;
Driver info: driver.version: EdgeDriver
remote stacktrace: 0   msedgedriver                        0x00000001062dace8 msedgedriver + 5090536
1   msedgedriver                        0x0000000106248123 msedgedriver + 4489507
2   msedgedriver                        0x0000000105e74147 msedgedriver + 475463
3   msedgedriver                        0x0000000105ea8379 msedgedriver + 689017
4   msedgedriver                        0x0000000105ea3400 msedgedriver + 668672
5   msedgedriver                        0x0000000105e9ea06 msedgedriver + 649734
6   msedgedriver                        0x0000000105eedfc6 msedgedriver + 974790
7   msedgedriver                        0x0000000105ee3fe3 msedgedriver + 933859
8   msedgedriver                        0x0000000105eab138 msedgedriver + 700728
9   msedgedriver                        0x0000000105eac7b4 msedgedriver + 706484
10  msedgedriver                        0x00000001062a232e msedgedriver + 4858670
11  msedgedriver                        0x00000001062a6daf msedgedriver + 4877743
12  msedgedriver                        0x00000001062a7678 msedgedriver + 4879992
13  msedgedriver                        0x00000001062b06df msedgedriver + 4916959
14  msedgedriver                        0x00000001062a7eb2 msedgedriver + 4882098
15  msedgedriver                        0x000000010627aaa4 msedgedriver + 4696740
16  msedgedriver                        0x00000001062cd868 msedgedriver + 5036136
17  msedgedriver                        0x00000001062cd987 msedgedriver + 5036423
18  msedgedriver                        0x00000001062e343e msedgedriver + 5125182
19  libsystem_pthread.dylib             0x00007ff81730d4e1 _pthread_start + 125
20  libsystem_pthread.dylib             0x00007ff817308f6b thread_start + 15

	at java.base/jdk.internal.reflect.NativeConstructorAccessorImpl.newInstance0(Native Method)
	at java.base/jdk.internal.reflect.NativeConstructorAccessorImpl.newInstance(NativeConstructorAccessorImpl.java:77)
	at java.base/jdk.internal.reflect.DelegatingConstructorAccessorImpl.newInstance(DelegatingConstructorAccessorImpl.java:45)
	at java.base/java.lang.reflect.Constructor.newInstanceWithCaller(Constructor.java:499)
	at java.base/java.lang.reflect.Constructor.newInstance(Constructor.java:480)
	at org.openqa.selenium.remote.W3CHandshakeResponse.lambda$errorHandler$0(W3CHandshakeResponse.java:62)
	at org.openqa.selenium.remote.HandshakeResponse.lambda$getResponseFunction$0(HandshakeResponse.java:30)
	at org.openqa.selenium.remote.ProtocolHandshake.lambda$createSession$0(ProtocolHandshake.java:126)
	at java.base/java.util.stream.ReferencePipeline$3$1.accept(ReferencePipeline.java:197)
	at java.base/java.util.Spliterators$ArraySpliterator.tryAdvance(Spliterators.java:1002)
	at java.base/java.util.stream.ReferencePipeline.forEachWithCancel(ReferencePipeline.java:129)
	at java.base/java.util.stream.AbstractPipeline.copyIntoWithCancel(AbstractPipeline.java:527)
	at java.base/java.util.stream.AbstractPipeline.copyInto(AbstractPipeline.java:513)
	at java.base/java.util.stream.AbstractPipeline.wrapAndCopyInto(AbstractPipeline.java:499)
	at java.base/java.util.stream.FindOps$FindOp.evaluateSequential(FindOps.java:150)
	at java.base/java.util.stream.AbstractPipeline.evaluate(AbstractPipeline.java:234)
	at java.base/java.util.stream.ReferencePipeline.findFirst(ReferencePipeline.java:647)
	at org.openqa.selenium.remote.ProtocolHandshake.createSession(ProtocolHandshake.java:128)
	at org.openqa.selenium.remote.ProtocolHandshake.createSession(ProtocolHandshake.java:74)
	at org.openqa.selenium.remote.HttpCommandExecutor.execute(HttpCommandExecutor.java:136)
	at org.openqa.selenium.remote.service.DriverCommandExecutor.execute(DriverCommandExecutor.java:83)
	at org.openqa.selenium.remote.RemoteWebDriver.execute(RemoteWebDriver.java:552)
	at org.openqa.selenium.remote.RemoteWebDriver.startSession(RemoteWebDriver.java:213)
	at org.openqa.selenium.remote.RemoteWebDriver.&lt;init&gt;(RemoteWebDriver.java:131)
	at org.openqa.selenium.edge.EdgeDriver.&lt;init&gt;(EdgeDriver.java:141)
	at org.openqa.selenium.edge.EdgeDriver.&lt;init&gt;(EdgeDriver.java:96)
	at showslinger_user.User_04_Forgot_Password.beforeClass(User_04_Forgot_Password.java:46)
	at java.base/jdk.internal.reflect.NativeMethodAccessorImpl.invoke0(Native Method)
	at java.base/jdk.internal.reflect.NativeMethodAccessorImpl.invoke(NativeMethodAccessorImpl.java:77)
	at java.base/jdk.internal.reflect.DelegatingMethodAccessorImpl.invoke(DelegatingMethodAccessorImpl.java:43)
	at java.base/java.lang.reflect.Method.invoke(Method.java:568)
	at org.testng.internal.MethodInvocationHelper.invokeMethod(MethodInvocationHelper.java:124)
	at org.testng.internal.MethodInvocationHelper.invokeMethodConsideringTimeout(MethodInvocationHelper.java:59)
	at org.testng.internal.Invoker.invokeConfigurationMethod(Invoker.java:458)
	at org.testng.internal.Invoker.invokeConfigurations(Invoker.java:222)
	at org.testng.internal.Invoker.invokeConfigurations(Invoker.java:142)
	at org.testng.internal.TestMethodWorker.invokeBeforeClassMethods(TestMethodWorker.java:168)
	at org.testng.internal.TestMethodWorker.run(TestMethodWorker.java:105)
	at org.testng.TestRunner.privateRun(TestRunner.java:648)
	at org.testng.TestRunner.run(TestRunner.java:505)
	at org.testng.SuiteRunner.runTest(SuiteRunner.java:455)
	at org.testng.SuiteRunner.runSequentially(SuiteRunner.java:450)
	at org.testng.SuiteRunner.privateRun(SuiteRunner.java:415)
	at org.testng.SuiteRunner.run(SuiteRunner.java:364)
	at org.testng.SuiteRunnerWorker.runSuite(SuiteRunnerWorker.java:52)
	at org.testng.SuiteRunnerWorker.run(SuiteRunnerWorker.java:84)
	at org.testng.TestNG.runSuitesSequentially(TestNG.java:1208)
	at org.testng.TestNG.runSuitesLocally(TestNG.java:1137)
	at org.testng.TestNG.runSuites(TestNG.java:1049)
	at org.testng.TestNG.run(TestNG.java:1017)
	at org.testng.remote.AbstractRemoteTestNG.run(AbstractRemoteTestNG.java:115)
	at org.testng.remote.RemoteTestNG.initAndRun(RemoteTestNG.java:251)
	at org.testng.remote.RemoteTestNG.main(RemoteTestNG.java:77)
</pre></div></td>
<td>0</td>
<td>showslinger_user.User_04_Forgot_Password@65d09a04</td></tr>
<tr>
<td title='showslinger_user.User_04_Forgot_Password.Forgot_01_Fotgot_Password_Successfully()'><b>Forgot_01_Fotgot_Password_Successfully</b><br>Test class: showslinger_user.User_04_Forgot_Password</td>
<td><div><pre>org.openqa.selenium.SessionNotCreatedException: session not created: This version of Microsoft Edge WebDriver only supports Microsoft Edge version 110
Current browser version is 113.0.1774.35 with binary path /Applications/Microsoft Edge.app/Contents/MacOS/Microsoft Edge
Build info: version: &apos;3.141.59&apos;, revision: &apos;e82be7d358&apos;, time: &apos;2018-11-14T08:25:53&apos;
System info: host: &apos;DANGs-MacBook-Pro.local&apos;, ip: &apos;fe80:0:0:0:4ea:35e2:1f8b:845d%en0&apos;, os.name: &apos;Mac OS X&apos;, os.arch: &apos;x86_64&apos;, os.version: &apos;12.5.1&apos;, java.version: &apos;17.0.6&apos;
Driver info: driver.version: EdgeDriver
remote stacktrace: 0   msedgedriver                        0x00000001062dace8 msedgedriver + 5090536
1   msedgedriver                        0x0000000106248123 msedgedriver + 4489507
2   msedgedriver                        0x0000000105e74147 msedgedriver + 475463
3   msedgedriver                        0x0000000105ea8379 msedgedriver + 689017
4   msedgedriver                        0x0000000105ea3400 msedgedriver + 668672
5   msedgedriver                        0x0000000105e9ea06 msedgedriver + 649734
6   msedgedriver                        0x0000000105eedfc6 msedgedriver + 974790
7   msedgedriver                        0x0000000105ee3fe3 msedgedriver + 933859
8   msedgedriver                        0x0000000105eab138 msedgedriver + 700728
9   msedgedriver                        0x0000000105eac7b4 msedgedriver + 706484
10  msedgedriver                        0x00000001062a232e msedgedriver + 4858670
11  msedgedriver                        0x00000001062a6daf msedgedriver + 4877743
12  msedgedriver                        0x00000001062a7678 msedgedriver + 4879992
13  msedgedriver                        0x00000001062b06df msedgedriver + 4916959
14  msedgedriver                        0x00000001062a7eb2 msedgedriver + 4882098
15  msedgedriver                        0x000000010627aaa4 msedgedriver + 4696740
16  msedgedriver                        0x00000001062cd868 msedgedriver + 5036136
17  msedgedriver                        0x00000001062cd987 msedgedriver + 5036423
18  msedgedriver                        0x00000001062e343e msedgedriver + 5125182
19  libsystem_pthread.dylib             0x00007ff81730d4e1 _pthread_start + 125
20  libsystem_pthread.dylib             0x00007ff817308f6b thread_start + 15

	at org.openqa.selenium.remote.W3CHandshakeResponse.lambda$errorHandler$0(W3CHandshakeResponse.java:62)
	at org.openqa.selenium.remote.HandshakeResponse.lambda$getResponseFunction$0(HandshakeResponse.java:30)
	at org.openqa.selenium.remote.ProtocolHandshake.lambda$createSession$0(ProtocolHandshake.java:126)
	at java.base/java.util.stream.ReferencePipeline$3$1.accept(ReferencePipeline.java:197)
	at java.base/java.util.Spliterators$ArraySpliterator.tryAdvance(Spliterators.java:1002)
	at java.base/java.util.stream.ReferencePipeline.forEachWithCancel(ReferencePipeline.java:129)
	at java.base/java.util.stream.AbstractPipeline.copyIntoWithCancel(AbstractPipeline.java:527)
	at java.base/java.util.stream.AbstractPipeline.copyInto(AbstractPipeline.java:513)
	at java.base/java.util.stream.AbstractPipeline.wrapAndCopyInto(AbstractPipeline.java:499)
	at java.base/java.util.stream.FindOps$FindOp.evaluateSequential(FindOps.java:150)
	at java.base/java.util.stream.AbstractPipeline.evaluate(AbstractPipeline.java:234)
	at java.base/java.util.stream.ReferencePipeline.findFirst(ReferencePipeline.java:647)
	at org.openqa.selenium.remote.ProtocolHandshake.createSession(ProtocolHandshake.java:128)
	at org.openqa.selenium.remote.ProtocolHandshake.createSession(ProtocolHandshake.java:74)
	at org.openqa.selenium.remote.HttpCommandExecutor.execute(HttpCommandExecutor.java:136)
	at org.openqa.selenium.remote.service.DriverCommandExecutor.execute(DriverCommandExecutor.java:83)
	at org.openqa.selenium.remote.RemoteWebDriver.execute(RemoteWebDriver.java:552)
	at org.openqa.selenium.remote.RemoteWebDriver.startSession(RemoteWebDriver.java:213)
	at org.openqa.selenium.remote.RemoteWebDriver.&lt;init&gt;(RemoteWebDriver.java:131)
	at org.openqa.selenium.edge.EdgeDriver.&lt;init&gt;(EdgeDriver.java:141)
	at org.openqa.selenium.edge.EdgeDriver.&lt;init&gt;(EdgeDriver.java:96)
	at showslinger_user.User_04_Forgot_Password.beforeClass(User_04_Forgot_Password.java:46)
... Removed 31 stack frames</pre></div><a href='#' onClick='toggleBox("stack-trace1256405521", this, "Click to show all stack frames", "Click to hide stack frames")'>Click to show all stack frames</a>
<div class='stack-trace' id='stack-trace1256405521'><pre>org.openqa.selenium.SessionNotCreatedException: session not created: This version of Microsoft Edge WebDriver only supports Microsoft Edge version 110
Current browser version is 113.0.1774.35 with binary path /Applications/Microsoft Edge.app/Contents/MacOS/Microsoft Edge
Build info: version: &apos;3.141.59&apos;, revision: &apos;e82be7d358&apos;, time: &apos;2018-11-14T08:25:53&apos;
System info: host: &apos;DANGs-MacBook-Pro.local&apos;, ip: &apos;fe80:0:0:0:4ea:35e2:1f8b:845d%en0&apos;, os.name: &apos;Mac OS X&apos;, os.arch: &apos;x86_64&apos;, os.version: &apos;12.5.1&apos;, java.version: &apos;17.0.6&apos;
Driver info: driver.version: EdgeDriver
remote stacktrace: 0   msedgedriver                        0x00000001062dace8 msedgedriver + 5090536
1   msedgedriver                        0x0000000106248123 msedgedriver + 4489507
2   msedgedriver                        0x0000000105e74147 msedgedriver + 475463
3   msedgedriver                        0x0000000105ea8379 msedgedriver + 689017
4   msedgedriver                        0x0000000105ea3400 msedgedriver + 668672
5   msedgedriver                        0x0000000105e9ea06 msedgedriver + 649734
6   msedgedriver                        0x0000000105eedfc6 msedgedriver + 974790
7   msedgedriver                        0x0000000105ee3fe3 msedgedriver + 933859
8   msedgedriver                        0x0000000105eab138 msedgedriver + 700728
9   msedgedriver                        0x0000000105eac7b4 msedgedriver + 706484
10  msedgedriver                        0x00000001062a232e msedgedriver + 4858670
11  msedgedriver                        0x00000001062a6daf msedgedriver + 4877743
12  msedgedriver                        0x00000001062a7678 msedgedriver + 4879992
13  msedgedriver                        0x00000001062b06df msedgedriver + 4916959
14  msedgedriver                        0x00000001062a7eb2 msedgedriver + 4882098
15  msedgedriver                        0x000000010627aaa4 msedgedriver + 4696740
16  msedgedriver                        0x00000001062cd868 msedgedriver + 5036136
17  msedgedriver                        0x00000001062cd987 msedgedriver + 5036423
18  msedgedriver                        0x00000001062e343e msedgedriver + 5125182
19  libsystem_pthread.dylib             0x00007ff81730d4e1 _pthread_start + 125
20  libsystem_pthread.dylib             0x00007ff817308f6b thread_start + 15

	at java.base/jdk.internal.reflect.NativeConstructorAccessorImpl.newInstance0(Native Method)
	at java.base/jdk.internal.reflect.NativeConstructorAccessorImpl.newInstance(NativeConstructorAccessorImpl.java:77)
	at java.base/jdk.internal.reflect.DelegatingConstructorAccessorImpl.newInstance(DelegatingConstructorAccessorImpl.java:45)
	at java.base/java.lang.reflect.Constructor.newInstanceWithCaller(Constructor.java:499)
	at java.base/java.lang.reflect.Constructor.newInstance(Constructor.java:480)
	at org.openqa.selenium.remote.W3CHandshakeResponse.lambda$errorHandler$0(W3CHandshakeResponse.java:62)
	at org.openqa.selenium.remote.HandshakeResponse.lambda$getResponseFunction$0(HandshakeResponse.java:30)
	at org.openqa.selenium.remote.ProtocolHandshake.lambda$createSession$0(ProtocolHandshake.java:126)
	at java.base/java.util.stream.ReferencePipeline$3$1.accept(ReferencePipeline.java:197)
	at java.base/java.util.Spliterators$ArraySpliterator.tryAdvance(Spliterators.java:1002)
	at java.base/java.util.stream.ReferencePipeline.forEachWithCancel(ReferencePipeline.java:129)
	at java.base/java.util.stream.AbstractPipeline.copyIntoWithCancel(AbstractPipeline.java:527)
	at java.base/java.util.stream.AbstractPipeline.copyInto(AbstractPipeline.java:513)
	at java.base/java.util.stream.AbstractPipeline.wrapAndCopyInto(AbstractPipeline.java:499)
	at java.base/java.util.stream.FindOps$FindOp.evaluateSequential(FindOps.java:150)
	at java.base/java.util.stream.AbstractPipeline.evaluate(AbstractPipeline.java:234)
	at java.base/java.util.stream.ReferencePipeline.findFirst(ReferencePipeline.java:647)
	at org.openqa.selenium.remote.ProtocolHandshake.createSession(ProtocolHandshake.java:128)
	at org.openqa.selenium.remote.ProtocolHandshake.createSession(ProtocolHandshake.java:74)
	at org.openqa.selenium.remote.HttpCommandExecutor.execute(HttpCommandExecutor.java:136)
	at org.openqa.selenium.remote.service.DriverCommandExecutor.execute(DriverCommandExecutor.java:83)
	at org.openqa.selenium.remote.RemoteWebDriver.execute(RemoteWebDriver.java:552)
	at org.openqa.selenium.remote.RemoteWebDriver.startSession(RemoteWebDriver.java:213)
	at org.openqa.selenium.remote.RemoteWebDriver.&lt;init&gt;(RemoteWebDriver.java:131)
	at org.openqa.selenium.edge.EdgeDriver.&lt;init&gt;(EdgeDriver.java:141)
	at org.openqa.selenium.edge.EdgeDriver.&lt;init&gt;(EdgeDriver.java:96)
	at showslinger_user.User_04_Forgot_Password.beforeClass(User_04_Forgot_Password.java:46)
	at java.base/jdk.internal.reflect.NativeMethodAccessorImpl.invoke0(Native Method)
	at java.base/jdk.internal.reflect.NativeMethodAccessorImpl.invoke(NativeMethodAccessorImpl.java:77)
	at java.base/jdk.internal.reflect.DelegatingMethodAccessorImpl.invoke(DelegatingMethodAccessorImpl.java:43)
	at java.base/java.lang.reflect.Method.invoke(Method.java:568)
	at org.testng.internal.MethodInvocationHelper.invokeMethod(MethodInvocationHelper.java:124)
	at org.testng.internal.MethodInvocationHelper.invokeMethodConsideringTimeout(MethodInvocationHelper.java:59)
	at org.testng.internal.Invoker.invokeConfigurationMethod(Invoker.java:458)
	at org.testng.internal.Invoker.invokeConfigurations(Invoker.java:222)
	at org.testng.internal.Invoker.invokeConfigurations(Invoker.java:142)
	at org.testng.internal.TestMethodWorker.invokeBeforeClassMethods(TestMethodWorker.java:168)
	at org.testng.internal.TestMethodWorker.run(TestMethodWorker.java:105)
	at org.testng.TestRunner.privateRun(TestRunner.java:648)
	at org.testng.TestRunner.run(TestRunner.java:505)
	at org.testng.SuiteRunner.runTest(SuiteRunner.java:455)
	at org.testng.SuiteRunner.runSequentially(SuiteRunner.java:450)
	at org.testng.SuiteRunner.privateRun(SuiteRunner.java:415)
	at org.testng.SuiteRunner.run(SuiteRunner.java:364)
	at org.testng.SuiteRunnerWorker.runSuite(SuiteRunnerWorker.java:52)
	at org.testng.SuiteRunnerWorker.run(SuiteRunnerWorker.java:84)
	at org.testng.TestNG.runSuitesSequentially(TestNG.java:1208)
	at org.testng.TestNG.runSuitesLocally(TestNG.java:1137)
	at org.testng.TestNG.runSuites(TestNG.java:1049)
	at org.testng.TestNG.run(TestNG.java:1017)
	at org.testng.remote.AbstractRemoteTestNG.run(AbstractRemoteTestNG.java:115)
	at org.testng.remote.RemoteTestNG.initAndRun(RemoteTestNG.java:251)
	at org.testng.remote.RemoteTestNG.main(RemoteTestNG.java:77)
</pre></div></td>
<td>0</td>
<td>showslinger_user.User_04_Forgot_Password@65d09a04</td></tr>
</table><p>
</body>
</html>