<?xml version="1.0" encoding="UTF-8"?>
<!-- Generated by org.testng.reporters.JUnitXMLReporter -->
<testsuite ignored="0" hostname="DANGs-MBP" failures="0" tests="2" name="Run on Edge" time="0.008" errors="0" timestamp="15 May 2023 14:00:46 GMT">
  <testcase classname="showslinger_user.User_01_Register_Account_Venue" name="@BeforeClass beforeClass" time="0.001">
    <failure type="java.lang.IllegalStateException" message="The driver is not executable: /Users/Automation Testing/Automation_Testing_MBF/mbf_framework_showslinger_web/browserDriver/chromedriver">
      <![CDATA[java.lang.IllegalStateException: The driver is not executable: /Users/Automation Testing/Automation_Testing_MBF/mbf_framework_showslinger_web/browserDriver/chromedriver
at com.google.common.base.Preconditions.checkState(Preconditions.java:585)
at org.openqa.selenium.remote.service.DriverService.checkExecutable(DriverService.java:150)
at org.openqa.selenium.remote.service.DriverService.findExecutable(DriverService.java:141)
at org.openqa.selenium.chrome.ChromeDriverService.access$000(ChromeDriverService.java:35)
at org.openqa.selenium.chrome.ChromeDriverService$Builder.findDefaultExecutable(ChromeDriverService.java:159)
at org.openqa.selenium.remote.service.DriverService$Builder.build(DriverService.java:355)
at org.openqa.selenium.chrome.ChromeDriverService.createDefaultService(ChromeDriverService.java:94)
at org.openqa.selenium.chrome.ChromeDriver.<init>(ChromeDriver.java:123)
at showslinger_user.User_01_Register_Account_Venue.beforeClass(User_01_Register_Account_Venue.java:37)
... Removed 26 stack frames]]>
    </failure>
  </testcase> <!-- @BeforeClass beforeClass -->
  <testcase classname="showslinger_user.User_01_Register_Account_Venue" name="@AfterClass afterClass" time="0.0">
    <skipped/>
  </testcase> <!-- @AfterClass afterClass -->
  <testcase classname="showslinger_user.User_01_Register_Account_Venue" name="Register_00_Alert_Authen" time="0.0">
    <skipped/>
  </testcase> <!-- Register_00_Alert_Authen -->
  <testcase classname="showslinger_user.User_01_Register_Account_Venue" name="Register_01_Register_Empty_Data" time="0.0">
    <skipped/>
  </testcase> <!-- Register_01_Register_Empty_Data -->
</testsuite> <!-- Run on Edge -->
