<!DOCTYPE html PUBLIC "-//W3C//DTD XHTML 1.1//EN" "http://www.w3.org/TR/xhtml11/DTD/xhtml11.dtd">
<html xmlns="http://www.w3.org/1999/xhtml">
<head>
<meta http-equiv="content-type" content="text/html; charset=UTF-8"/>
<title>TestNG Report</title>
<style type="text/css">table {margin-bottom:10px;border-collapse:collapse;empty-cells:show}th,td {border:1px solid #009;padding:.25em .5em}th {vertical-align:bottom}td {vertical-align:top}table a {font-weight:bold}.stripe td {background-color: #E6EBF9}.num {text-align:right}.passedodd td {background-color: #3F3}.passedeven td {background-color: #0A0}.skippedodd td {background-color: #DDD}.skippedeven td {background-color: #CCC}.failedodd td,.attn {background-color: #F33}.failedeven td,.stripe .attn {background-color: #D00}.stacktrace {white-space:pre;font-family:monospace}.totop {font-size:85%;text-align:center;border-bottom:2px solid #000}.invisible {display:none}</style>
</head>
<body>
<table>
<tr><th>Test</th><th># Passed</th><th># Skipped</th><th># Failed</th><th>Time (ms)</th><th>Included Groups</th><th>Excluded Groups</th></tr>
<tr><th colspan="7">ShowSlinger</th></tr>
<tr><td><a href="#t0">Sign up/Login</a></td><td class="num">13</td><td class="num">0</td><td class="num attn">5</td><td class="num">403,172</td><td></td><td></td></tr>
</table>
<table id='summary'><thead><tr><th>Class</th><th>Method</th><th>Start</th><th>Time (ms)</th></tr></thead><tbody><tr><th colspan="4">ShowSlinger</th></tr></tbody><tbody id="t0"><tr><th colspan="4">Sign up/Login &#8212; failed</th></tr><tr class="failedeven"><td rowspan="5">showslinger_user.Feature_Pass</td><td><a href="#m0">ApplyPass_002_ApplyForBuyOnlineMultiPassEventNotSupport</a></td><td rowspan="1">1687334293101</td><td rowspan="1">40720</td></tr><tr class="failedeven"><td><a href="#m1">ApplyPass_002_ApplyForBuyOnlineMultiPassOfficeSuccess</a></td><td rowspan="1">1687334334214</td><td rowspan="1">1105</td></tr><tr class="failedeven"><td><a href="#m2">ApplyPass_003_ApplyForBuyOnlineMultiPassTicketInvalid</a></td><td rowspan="1">1687334335616</td><td rowspan="1">40587</td></tr><tr class="failedeven"><td><a href="#m3">BuyPass_BuyPassAccessCode_ForUseBuyOnline</a></td><td rowspan="1">1687334242566</td><td rowspan="1">50145</td></tr><tr class="failedeven"><td><a href="#m4">Pass_DeleteAllPassSuccess</a></td><td rowspan="1">1687334376604</td><td rowspan="1">40584</td></tr><tr><th colspan="4">Sign up/Login &#8212; passed</th></tr><tr class="passedeven"><td rowspan="13">showslinger_user.Feature_Pass</td><td><a href="#m5">ApplyPass_001_OpenUrlBoxOffice</a></td><td rowspan="1">1687334217499</td><td rowspan="1">2750</td></tr><tr class="passedeven"><td><a href="#m6">ApplyPass_002_ApplyForBoxMultiPassEventNotSupport</a></td><td rowspan="1">1687334220250</td><td rowspan="1">6659</td></tr><tr class="passedeven"><td><a href="#m7">ApplyPass_003_ApplyForBoxMultiPassOfficeSuccess</a></td><td rowspan="1">1687334226910</td><td rowspan="1">13843</td></tr><tr class="passedeven"><td><a href="#m8">ApplyPass_004_ApplyForBoxMultiPassTicketInvalid</a></td><td rowspan="1">1687334240755</td><td rowspan="1">1810</td></tr><tr class="passedeven"><td><a href="#m9">BuyPass_BuyPassAccessCode</a></td><td rowspan="1">1687334168774</td><td rowspan="1">48723</td></tr><tr class="passedeven"><td><a href="#m10">Pass_001_CreatePassFail</a></td><td rowspan="1">1687334086526</td><td rowspan="1">3553</td></tr><tr class="passedeven"><td><a href="#m11">Pass_002_CreatePassSuccessSingleQR</a></td><td rowspan="1">1687334090082</td><td rowspan="1">9831</td></tr><tr class="passedeven"><td><a href="#m12">Pass_003_CreatePassuccessMultiTicket</a></td><td rowspan="1">1687334099915</td><td rowspan="1">8366</td></tr><tr class="passedeven"><td><a href="#m13">Pass_004_CreatePassuccessAccessCode</a></td><td rowspan="1">1687334108283</td><td rowspan="1">16230</td></tr><tr class="passedeven"><td><a href="#m14">Pass_005_SwitchStatusPass</a></td><td rowspan="1">1687334124515</td><td rowspan="1">21383</td></tr><tr class="passedeven"><td><a href="#m15">Pass_006_EditPassSuccess</a></td><td rowspan="1">1687334145899</td><td rowspan="1">10194</td></tr><tr class="passedeven"><td><a href="#m16">Pass_007_DeletePassSuccess</a></td><td rowspan="1">1687334156095</td><td rowspan="1">12676</td></tr><tr class="passedeven"><td><a href="#m17">Pass_OpenUrlAndLogin</a></td><td rowspan="1">1687334038661</td><td rowspan="1">47812</td></tr></tbody>
</table>
<h2>Sign up/Login</h2><h3 id="m0">showslinger_user.Feature_Pass#ApplyPass_002_ApplyForBuyOnlineMultiPassEventNotSupport</h3><table class="result"><tr><th>Exception</th></tr><tr><td><div class="stacktrace">org.openqa.selenium.TimeoutException: Expected condition failed: waiting for element to be clickable: By.xpath: //span[text()=&apos;Calendar&apos;] (tried for 30 second(s) with 500 milliseconds interval)
	at org.openqa.selenium.support.ui.WebDriverWait.timeoutException(WebDriverWait.java:95)
	at org.openqa.selenium.support.ui.FluentWait.until(FluentWait.java:272)
	at commons.BasePage.waitForElementClickable(BasePage.java:470)
	at pageObject.user.UserPassPageObject.clickToItemOfLeftMenu(UserPassPageObject.java:67)
	at showslinger_user.Feature_Pass.ApplyPass_002_ApplyForBuyOnlineMultiPassEventNotSupport(Feature_Pass.java:467)
Caused by: org.openqa.selenium.NoSuchElementException: no such element: Unable to locate element: {&quot;method&quot;:&quot;xpath&quot;,&quot;selector&quot;:&quot;//span[text()=&apos;Calendar&apos;]&quot;}
  (Session info: chrome=114.0.5735.133)
For documentation on this error, please visit: https://www.seleniumhq.org/exceptions/no_such_element.html
Build info: version: &apos;3.141.59&apos;, revision: &apos;e82be7d358&apos;, time: &apos;2018-11-14T08:25:53&apos;
System info: host: &apos;DANGs-MacBook-Pro.local&apos;, ip: &apos;fe80:0:0:0:1812:8cc3:2b26:b0a0%en0&apos;, os.name: &apos;Mac OS X&apos;, os.arch: &apos;x86_64&apos;, os.version: &apos;12.5.1&apos;, java.version: &apos;11.0.17&apos;
Driver info: org.openqa.selenium.chrome.ChromeDriver
Capabilities {acceptInsecureCerts: false, browserName: chrome, browserVersion: 114.0.5735.133, chrome: {chromedriverVersion: 113.0.5672.63 (0e1a4471d5ae..., userDataDir: /var/folders/pm/gzm9jcks7wv...}, goog:chromeOptions: {debuggerAddress: localhost:59321}, javascriptEnabled: true, networkConnectionEnabled: false, pageLoadStrategy: normal, platform: MAC, platformName: MAC, proxy: Proxy(), setWindowRect: true, strictFileInteractability: false, timeouts: {implicit: 0, pageLoad: 300000, script: 30000}, unhandledPromptBehavior: dismiss and notify, webauthn:extension:credBlob: true, webauthn:extension:largeBlob: true, webauthn:extension:minPinLength: true, webauthn:extension:prf: true, webauthn:virtualAuthenticators: true}
Session ID: f111920c837a711813550255e76e45cf
*** Element info: {Using=xpath, value=//span[text()=&apos;Calendar&apos;]}
	at org.openqa.selenium.remote.http.W3CHttpResponseCodec.createException(W3CHttpResponseCodec.java:187)
	at org.openqa.selenium.remote.http.W3CHttpResponseCodec.decode(W3CHttpResponseCodec.java:122)
	at org.openqa.selenium.remote.http.W3CHttpResponseCodec.decode(W3CHttpResponseCodec.java:49)
	at org.openqa.selenium.remote.HttpCommandExecutor.execute(HttpCommandExecutor.java:158)
	at org.openqa.selenium.remote.service.DriverCommandExecutor.execute(DriverCommandExecutor.java:83)
	at org.openqa.selenium.remote.RemoteWebDriver.execute(RemoteWebDriver.java:552)
	at org.openqa.selenium.remote.RemoteWebDriver.findElement(RemoteWebDriver.java:323)
	at org.openqa.selenium.remote.RemoteWebDriver.findElementByXPath(RemoteWebDriver.java:428)
	at org.openqa.selenium.By$ByXPath.findElement(By.java:353)
	at org.openqa.selenium.remote.RemoteWebDriver.findElement(RemoteWebDriver.java:315)
	at org.openqa.selenium.support.ui.ExpectedConditions$7.apply(ExpectedConditions.java:205)
	at org.openqa.selenium.support.ui.ExpectedConditions$7.apply(ExpectedConditions.java:201)
	at org.openqa.selenium.support.ui.ExpectedConditions$22.apply(ExpectedConditions.java:641)
	at org.openqa.selenium.support.ui.ExpectedConditions$22.apply(ExpectedConditions.java:638)
	at org.openqa.selenium.support.ui.FluentWait.until(FluentWait.java:249)
	... 28 more
... Removed 29 stack frames</div></td></tr></table><p class="totop"><a href="#summary">back to summary</a></p>
<h3 id="m1">showslinger_user.Feature_Pass#ApplyPass_002_ApplyForBuyOnlineMultiPassOfficeSuccess</h3><table class="result"><tr><th>Exception</th></tr><tr><td><div class="stacktrace">org.openqa.selenium.ElementClickInterceptedException: element click intercepted: Element &lt;li class=&quot;has-sale&quot; data-item-id=&quot;3085&quot; data-item-type=&quot;ticket&quot; draggable=&quot;false&quot;&gt;...&lt;/li&gt; is not clickable at point (438, 579). Other element would receive the click: &lt;input accept=&quot;.png,.jpg,.webp&quot; type=&quot;file&quot; name=&quot;ticket[event_image]&quot; id=&quot;ticket_event_image&quot;&gt;
  (Session info: chrome=114.0.5735.133)
Build info: version: &apos;3.141.59&apos;, revision: &apos;e82be7d358&apos;, time: &apos;2018-11-14T08:25:53&apos;
System info: host: &apos;DANGs-MacBook-Pro.local&apos;, ip: &apos;fe80:0:0:0:1812:8cc3:2b26:b0a0%en0&apos;, os.name: &apos;Mac OS X&apos;, os.arch: &apos;x86_64&apos;, os.version: &apos;12.5.1&apos;, java.version: &apos;11.0.17&apos;
Driver info: org.openqa.selenium.chrome.ChromeDriver
Capabilities {acceptInsecureCerts: false, browserName: chrome, browserVersion: 114.0.5735.133, chrome: {chromedriverVersion: 113.0.5672.63 (0e1a4471d5ae..., userDataDir: /var/folders/pm/gzm9jcks7wv...}, goog:chromeOptions: {debuggerAddress: localhost:59321}, javascriptEnabled: true, networkConnectionEnabled: false, pageLoadStrategy: normal, platform: MAC, platformName: MAC, proxy: Proxy(), setWindowRect: true, strictFileInteractability: false, timeouts: {implicit: 0, pageLoad: 300000, script: 30000}, unhandledPromptBehavior: dismiss and notify, webauthn:extension:credBlob: true, webauthn:extension:largeBlob: true, webauthn:extension:minPinLength: true, webauthn:extension:prf: true, webauthn:virtualAuthenticators: true}
Session ID: f111920c837a711813550255e76e45cf
	at org.openqa.selenium.remote.http.W3CHttpResponseCodec.createException(W3CHttpResponseCodec.java:187)
	at org.openqa.selenium.remote.http.W3CHttpResponseCodec.decode(W3CHttpResponseCodec.java:122)
	at org.openqa.selenium.remote.http.W3CHttpResponseCodec.decode(W3CHttpResponseCodec.java:49)
	at org.openqa.selenium.remote.HttpCommandExecutor.execute(HttpCommandExecutor.java:158)
	at org.openqa.selenium.remote.service.DriverCommandExecutor.execute(DriverCommandExecutor.java:83)
	at org.openqa.selenium.remote.RemoteWebDriver.execute(RemoteWebDriver.java:552)
	at org.openqa.selenium.remote.RemoteWebElement.execute(RemoteWebElement.java:285)
	at org.openqa.selenium.remote.RemoteWebElement.click(RemoteWebElement.java:84)
	at commons.BasePage.clickToElement(BasePage.java:169)
	at pageObject.user.UserPassPageObject.clickToEvent(UserPassPageObject.java:305)
	at showslinger_user.Feature_Pass.ApplyPass_002_ApplyForBuyOnlineMultiPassOfficeSuccess(Feature_Pass.java:495)
... Removed 29 stack frames</div></td></tr></table><p class="totop"><a href="#summary">back to summary</a></p>
<h3 id="m2">showslinger_user.Feature_Pass#ApplyPass_003_ApplyForBuyOnlineMultiPassTicketInvalid</h3><table class="result"><tr><th>Exception</th></tr><tr><td><div class="stacktrace">org.openqa.selenium.TimeoutException: Expected condition failed: waiting for element to be clickable: By.xpath: //strong[text()=&apos;Giang Test auto&apos;]/ancestor::li[@class=&apos;has-sale&apos;] (tried for 30 second(s) with 500 milliseconds interval)
	at org.openqa.selenium.support.ui.WebDriverWait.timeoutException(WebDriverWait.java:95)
	at org.openqa.selenium.support.ui.FluentWait.until(FluentWait.java:272)
	at commons.BasePage.waitForElementClickable(BasePage.java:470)
	at pageObject.user.UserPassPageObject.clickToEvent(UserPassPageObject.java:304)
	at showslinger_user.Feature_Pass.ApplyPass_003_ApplyForBuyOnlineMultiPassTicketInvalid(Feature_Pass.java:543)
Caused by: org.openqa.selenium.NoSuchElementException: no such element: Unable to locate element: {&quot;method&quot;:&quot;xpath&quot;,&quot;selector&quot;:&quot;//strong[text()=&apos;Giang Test auto&apos;]/ancestor::li[@class=&apos;has-sale&apos;]&quot;}
  (Session info: chrome=114.0.5735.133)
For documentation on this error, please visit: https://www.seleniumhq.org/exceptions/no_such_element.html
Build info: version: &apos;3.141.59&apos;, revision: &apos;e82be7d358&apos;, time: &apos;2018-11-14T08:25:53&apos;
System info: host: &apos;DANGs-MacBook-Pro.local&apos;, ip: &apos;fe80:0:0:0:1812:8cc3:2b26:b0a0%en0&apos;, os.name: &apos;Mac OS X&apos;, os.arch: &apos;x86_64&apos;, os.version: &apos;12.5.1&apos;, java.version: &apos;11.0.17&apos;
Driver info: org.openqa.selenium.chrome.ChromeDriver
Capabilities {acceptInsecureCerts: false, browserName: chrome, browserVersion: 114.0.5735.133, chrome: {chromedriverVersion: 113.0.5672.63 (0e1a4471d5ae..., userDataDir: /var/folders/pm/gzm9jcks7wv...}, goog:chromeOptions: {debuggerAddress: localhost:59321}, javascriptEnabled: true, networkConnectionEnabled: false, pageLoadStrategy: normal, platform: MAC, platformName: MAC, proxy: Proxy(), setWindowRect: true, strictFileInteractability: false, timeouts: {implicit: 0, pageLoad: 300000, script: 30000}, unhandledPromptBehavior: dismiss and notify, webauthn:extension:credBlob: true, webauthn:extension:largeBlob: true, webauthn:extension:minPinLength: true, webauthn:extension:prf: true, webauthn:virtualAuthenticators: true}
Session ID: f111920c837a711813550255e76e45cf
*** Element info: {Using=xpath, value=//strong[text()=&apos;Giang Test auto&apos;]/ancestor::li[@class=&apos;has-sale&apos;]}
	at org.openqa.selenium.remote.http.W3CHttpResponseCodec.createException(W3CHttpResponseCodec.java:187)
	at org.openqa.selenium.remote.http.W3CHttpResponseCodec.decode(W3CHttpResponseCodec.java:122)
	at org.openqa.selenium.remote.http.W3CHttpResponseCodec.decode(W3CHttpResponseCodec.java:49)
	at org.openqa.selenium.remote.HttpCommandExecutor.execute(HttpCommandExecutor.java:158)
	at org.openqa.selenium.remote.service.DriverCommandExecutor.execute(DriverCommandExecutor.java:83)
	at org.openqa.selenium.remote.RemoteWebDriver.execute(RemoteWebDriver.java:552)
	at org.openqa.selenium.remote.RemoteWebDriver.findElement(RemoteWebDriver.java:323)
	at org.openqa.selenium.remote.RemoteWebDriver.findElementByXPath(RemoteWebDriver.java:428)
	at org.openqa.selenium.By$ByXPath.findElement(By.java:353)
	at org.openqa.selenium.remote.RemoteWebDriver.findElement(RemoteWebDriver.java:315)
	at org.openqa.selenium.support.ui.ExpectedConditions$7.apply(ExpectedConditions.java:205)
	at org.openqa.selenium.support.ui.ExpectedConditions$7.apply(ExpectedConditions.java:201)
	at org.openqa.selenium.support.ui.ExpectedConditions$22.apply(ExpectedConditions.java:641)
	at org.openqa.selenium.support.ui.ExpectedConditions$22.apply(ExpectedConditions.java:638)
	at org.openqa.selenium.support.ui.FluentWait.until(FluentWait.java:249)
	... 28 more
... Removed 29 stack frames</div></td></tr></table><p class="totop"><a href="#summary">back to summary</a></p>
<h3 id="m3">showslinger_user.Feature_Pass#BuyPass_BuyPassAccessCode_ForUseBuyOnline</h3><table class="result"><tr><th>Exception</th></tr><tr><td><div class="stacktrace">org.openqa.selenium.TimeoutException: Expected condition failed: waiting for element to be clickable: By.xpath: //select[@data-name=&apos;Giang Test auto&apos;] (tried for 30 second(s) with 500 milliseconds interval)
	at org.openqa.selenium.support.ui.WebDriverWait.timeoutException(WebDriverWait.java:95)
	at org.openqa.selenium.support.ui.FluentWait.until(FluentWait.java:272)
	at commons.BasePage.waitForElementClickable(BasePage.java:470)
	at pageObject.user.UserPassPageObject.clickToDropDownSelectQuantityTicket(UserPassPageObject.java:246)
	at showslinger_user.Feature_Pass.BuyPass_BuyPassAccessCode_ForUseBuyOnline(Feature_Pass.java:414)
Caused by: org.openqa.selenium.NoSuchElementException: no such element: Unable to locate element: {&quot;method&quot;:&quot;xpath&quot;,&quot;selector&quot;:&quot;//select[@data-name=&apos;Giang Test auto&apos;]&quot;}
  (Session info: chrome=114.0.5735.133)
For documentation on this error, please visit: https://www.seleniumhq.org/exceptions/no_such_element.html
Build info: version: &apos;3.141.59&apos;, revision: &apos;e82be7d358&apos;, time: &apos;2018-11-14T08:25:53&apos;
System info: host: &apos;DANGs-MacBook-Pro.local&apos;, ip: &apos;fe80:0:0:0:1812:8cc3:2b26:b0a0%en0&apos;, os.name: &apos;Mac OS X&apos;, os.arch: &apos;x86_64&apos;, os.version: &apos;12.5.1&apos;, java.version: &apos;11.0.17&apos;
Driver info: org.openqa.selenium.chrome.ChromeDriver
Capabilities {acceptInsecureCerts: false, browserName: chrome, browserVersion: 114.0.5735.133, chrome: {chromedriverVersion: 113.0.5672.63 (0e1a4471d5ae..., userDataDir: /var/folders/pm/gzm9jcks7wv...}, goog:chromeOptions: {debuggerAddress: localhost:59321}, javascriptEnabled: true, networkConnectionEnabled: false, pageLoadStrategy: normal, platform: MAC, platformName: MAC, proxy: Proxy(), setWindowRect: true, strictFileInteractability: false, timeouts: {implicit: 0, pageLoad: 300000, script: 30000}, unhandledPromptBehavior: dismiss and notify, webauthn:extension:credBlob: true, webauthn:extension:largeBlob: true, webauthn:extension:minPinLength: true, webauthn:extension:prf: true, webauthn:virtualAuthenticators: true}
Session ID: f111920c837a711813550255e76e45cf
*** Element info: {Using=xpath, value=//select[@data-name=&apos;Giang Test auto&apos;]}
	at org.openqa.selenium.remote.http.W3CHttpResponseCodec.createException(W3CHttpResponseCodec.java:187)
	at org.openqa.selenium.remote.http.W3CHttpResponseCodec.decode(W3CHttpResponseCodec.java:122)
	at org.openqa.selenium.remote.http.W3CHttpResponseCodec.decode(W3CHttpResponseCodec.java:49)
	at org.openqa.selenium.remote.HttpCommandExecutor.execute(HttpCommandExecutor.java:158)
	at org.openqa.selenium.remote.service.DriverCommandExecutor.execute(DriverCommandExecutor.java:83)
	at org.openqa.selenium.remote.RemoteWebDriver.execute(RemoteWebDriver.java:552)
	at org.openqa.selenium.remote.RemoteWebDriver.findElement(RemoteWebDriver.java:323)
	at org.openqa.selenium.remote.RemoteWebDriver.findElementByXPath(RemoteWebDriver.java:428)
	at org.openqa.selenium.By$ByXPath.findElement(By.java:353)
	at org.openqa.selenium.remote.RemoteWebDriver.findElement(RemoteWebDriver.java:315)
	at org.openqa.selenium.support.ui.ExpectedConditions$7.apply(ExpectedConditions.java:205)
	at org.openqa.selenium.support.ui.ExpectedConditions$7.apply(ExpectedConditions.java:201)
	at org.openqa.selenium.support.ui.ExpectedConditions$22.apply(ExpectedConditions.java:641)
	at org.openqa.selenium.support.ui.ExpectedConditions$22.apply(ExpectedConditions.java:638)
	at org.openqa.selenium.support.ui.FluentWait.until(FluentWait.java:249)
	... 28 more
... Removed 29 stack frames</div></td></tr></table><p class="totop"><a href="#summary">back to summary</a></p>
<h3 id="m4">showslinger_user.Feature_Pass#Pass_DeleteAllPassSuccess</h3><table class="result"><tr><th>Exception</th></tr><tr><td><div class="stacktrace">org.openqa.selenium.TimeoutException: Expected condition failed: waiting for element to be clickable: By.xpath: //td[text()=&apos;Pass Single QR 739&apos;]/following::div[@class=&apos;dropdown-custom-ss dropdown&apos;] (tried for 30 second(s) with 500 milliseconds interval)
	at org.openqa.selenium.support.ui.WebDriverWait.timeoutException(WebDriverWait.java:95)
	at org.openqa.selenium.support.ui.FluentWait.until(FluentWait.java:272)
	at commons.BasePage.waitForElementClickable(BasePage.java:470)
	at pageObject.user.UserPassPageObject.clickToMoreMenuButton(UserPassPageObject.java:189)
	at pageObject.user.UserPassPageObject.clickToActionButton(UserPassPageObject.java:200)
	at showslinger_user.Feature_Pass.Pass_DeleteAllPassSuccess(Feature_Pass.java:558)
Caused by: org.openqa.selenium.NoSuchElementException: no such element: Unable to locate element: {&quot;method&quot;:&quot;xpath&quot;,&quot;selector&quot;:&quot;//td[text()=&apos;Pass Single QR 739&apos;]/following::div[@class=&apos;dropdown-custom-ss dropdown&apos;]&quot;}
  (Session info: chrome=114.0.5735.133)
For documentation on this error, please visit: https://www.seleniumhq.org/exceptions/no_such_element.html
Build info: version: &apos;3.141.59&apos;, revision: &apos;e82be7d358&apos;, time: &apos;2018-11-14T08:25:53&apos;
System info: host: &apos;DANGs-MacBook-Pro.local&apos;, ip: &apos;fe80:0:0:0:1812:8cc3:2b26:b0a0%en0&apos;, os.name: &apos;Mac OS X&apos;, os.arch: &apos;x86_64&apos;, os.version: &apos;12.5.1&apos;, java.version: &apos;11.0.17&apos;
Driver info: org.openqa.selenium.chrome.ChromeDriver
Capabilities {acceptInsecureCerts: false, browserName: chrome, browserVersion: 114.0.5735.133, chrome: {chromedriverVersion: 113.0.5672.63 (0e1a4471d5ae..., userDataDir: /var/folders/pm/gzm9jcks7wv...}, goog:chromeOptions: {debuggerAddress: localhost:59321}, javascriptEnabled: true, networkConnectionEnabled: false, pageLoadStrategy: normal, platform: MAC, platformName: MAC, proxy: Proxy(), setWindowRect: true, strictFileInteractability: false, timeouts: {implicit: 0, pageLoad: 300000, script: 30000}, unhandledPromptBehavior: dismiss and notify, webauthn:extension:credBlob: true, webauthn:extension:largeBlob: true, webauthn:extension:minPinLength: true, webauthn:extension:prf: true, webauthn:virtualAuthenticators: true}
Session ID: f111920c837a711813550255e76e45cf
*** Element info: {Using=xpath, value=//td[text()=&apos;Pass Single QR 739&apos;]/following::div[@class=&apos;dropdown-custom-ss dropdown&apos;]}
	at org.openqa.selenium.remote.http.W3CHttpResponseCodec.createException(W3CHttpResponseCodec.java:187)
	at org.openqa.selenium.remote.http.W3CHttpResponseCodec.decode(W3CHttpResponseCodec.java:122)
	at org.openqa.selenium.remote.http.W3CHttpResponseCodec.decode(W3CHttpResponseCodec.java:49)
	at org.openqa.selenium.remote.HttpCommandExecutor.execute(HttpCommandExecutor.java:158)
	at org.openqa.selenium.remote.service.DriverCommandExecutor.execute(DriverCommandExecutor.java:83)
	at org.openqa.selenium.remote.RemoteWebDriver.execute(RemoteWebDriver.java:552)
	at org.openqa.selenium.remote.RemoteWebDriver.findElement(RemoteWebDriver.java:323)
	at org.openqa.selenium.remote.RemoteWebDriver.findElementByXPath(RemoteWebDriver.java:428)
	at org.openqa.selenium.By$ByXPath.findElement(By.java:353)
	at org.openqa.selenium.remote.RemoteWebDriver.findElement(RemoteWebDriver.java:315)
	at org.openqa.selenium.support.ui.ExpectedConditions$7.apply(ExpectedConditions.java:205)
	at org.openqa.selenium.support.ui.ExpectedConditions$7.apply(ExpectedConditions.java:201)
	at org.openqa.selenium.support.ui.ExpectedConditions$22.apply(ExpectedConditions.java:641)
	at org.openqa.selenium.support.ui.ExpectedConditions$22.apply(ExpectedConditions.java:638)
	at org.openqa.selenium.support.ui.FluentWait.until(FluentWait.java:249)
	... 29 more
... Removed 29 stack frames</div></td></tr></table><p class="totop"><a href="#summary">back to summary</a></p>
<h3 id="m5">showslinger_user.Feature_Pass#ApplyPass_001_OpenUrlBoxOffice</h3><table class="result"><tr><th class="invisible"/></tr></table><p class="totop"><a href="#summary">back to summary</a></p>
<h3 id="m6">showslinger_user.Feature_Pass#ApplyPass_002_ApplyForBoxMultiPassEventNotSupport</h3><table class="result"><tr><th class="invisible"/></tr></table><p class="totop"><a href="#summary">back to summary</a></p>
<h3 id="m7">showslinger_user.Feature_Pass#ApplyPass_003_ApplyForBoxMultiPassOfficeSuccess</h3><table class="result"><tr><th class="invisible"/></tr></table><p class="totop"><a href="#summary">back to summary</a></p>
<h3 id="m8">showslinger_user.Feature_Pass#ApplyPass_004_ApplyForBoxMultiPassTicketInvalid</h3><table class="result"><tr><th class="invisible"/></tr></table><p class="totop"><a href="#summary">back to summary</a></p>
<h3 id="m9">showslinger_user.Feature_Pass#BuyPass_BuyPassAccessCode</h3><table class="result"><tr><th class="invisible"/></tr></table><p class="totop"><a href="#summary">back to summary</a></p>
<h3 id="m10">showslinger_user.Feature_Pass#Pass_001_CreatePassFail</h3><table class="result"><tr><th class="invisible"/></tr></table><p class="totop"><a href="#summary">back to summary</a></p>
<h3 id="m11">showslinger_user.Feature_Pass#Pass_002_CreatePassSuccessSingleQR</h3><table class="result"><tr><th class="invisible"/></tr></table><p class="totop"><a href="#summary">back to summary</a></p>
<h3 id="m12">showslinger_user.Feature_Pass#Pass_003_CreatePassuccessMultiTicket</h3><table class="result"><tr><th class="invisible"/></tr></table><p class="totop"><a href="#summary">back to summary</a></p>
<h3 id="m13">showslinger_user.Feature_Pass#Pass_004_CreatePassuccessAccessCode</h3><table class="result"><tr><th class="invisible"/></tr></table><p class="totop"><a href="#summary">back to summary</a></p>
<h3 id="m14">showslinger_user.Feature_Pass#Pass_005_SwitchStatusPass</h3><table class="result"><tr><th class="invisible"/></tr></table><p class="totop"><a href="#summary">back to summary</a></p>
<h3 id="m15">showslinger_user.Feature_Pass#Pass_006_EditPassSuccess</h3><table class="result"><tr><th class="invisible"/></tr></table><p class="totop"><a href="#summary">back to summary</a></p>
<h3 id="m16">showslinger_user.Feature_Pass#Pass_007_DeletePassSuccess</h3><table class="result"><tr><th class="invisible"/></tr></table><p class="totop"><a href="#summary">back to summary</a></p>
<h3 id="m17">showslinger_user.Feature_Pass#Pass_OpenUrlAndLogin</h3><table class="result"><tr><th class="invisible"/></tr></table><p class="totop"><a href="#summary">back to summary</a></p>
</body>
</html>
