<!DOCTYPE html>

<html>
  <head>
  <meta charset='utf-8'>
  <title>TestNG reports</title>

    <link type="text/css" href="testng-reports.css" rel="stylesheet" />
    <script type="text/javascript" src="jquery-1.7.1.min.js"></script>
    <script type="text/javascript" src="testng-reports.js"></script>
    <script type="text/javascript" src="https://www.google.com/jsapi"></script>
    <script type='text/javascript'>
      google.load('visualization', '1', {packages:['table']});
      google.setOnLoadCallback(drawTable);
      var suiteTableInitFunctions = new Array();
      var suiteTableData = new Array();
    </script>
    <!--
      <script type="text/javascript" src="jquery-ui/js/jquery-ui-1.8.16.custom.min.js"></script>
     -->
  </head>

  <body>
    <div class="top-banner-root">
      <span class="top-banner-title-font">Test results</span>
      <br/>
      <span class="top-banner-font-1">1 suite, 5 failed tests</span>
    </div> <!-- top-banner-root -->
    <div class="navigator-root">
      <div class="navigator-suite-header">
        <span>All suites</span>
        <a href="#" title="Collapse/expand all the suites" class="collapse-all-link">
          <img src="collapseall.gif" class="collapse-all-icon">
          </img> <!-- collapse-all-icon -->
        </a> <!-- collapse-all-link -->
      </div> <!-- navigator-suite-header -->
      <div class="suite">
        <div class="rounded-window">
          <div class="suite-header light-rounded-window-top">
            <a href="#" panel-name="suite-ShowSlinger" class="navigator-link">
              <span class="suite-name border-failed">ShowSlinger</span>
            </a> <!-- navigator-link -->
          </div> <!-- suite-header light-rounded-window-top -->
          <div class="navigator-suite-content">
            <div class="suite-section-title">
              <span>Info</span>
            </div> <!-- suite-section-title -->
            <div class="suite-section-content">
              <ul>
                <li>
                  <a href="#" panel-name="test-xml-ShowSlinger" class="navigator-link ">
                    <span>runShowSlingerTest.xml</span>
                  </a> <!-- navigator-link  -->
                </li>
                <li>
                  <a href="#" panel-name="testlist-ShowSlinger" class="navigator-link ">
                    <span class="test-stats">1 test</span>
                  </a> <!-- navigator-link  -->
                </li>
                <li>
                  <a href="#" panel-name="group-ShowSlinger" class="navigator-link ">
                    <span>0 groups</span>
                  </a> <!-- navigator-link  -->
                </li>
                <li>
                  <a href="#" panel-name="times-ShowSlinger" class="navigator-link ">
                    <span>Times</span>
                  </a> <!-- navigator-link  -->
                </li>
                <li>
                  <a href="#" panel-name="reporter-ShowSlinger" class="navigator-link ">
                    <span>Reporter output</span>
                  </a> <!-- navigator-link  -->
                </li>
                <li>
                  <a href="#" panel-name="ignored-methods-ShowSlinger" class="navigator-link ">
                    <span>Ignored methods</span>
                  </a> <!-- navigator-link  -->
                </li>
                <li>
                  <a href="#" panel-name="chronological-ShowSlinger" class="navigator-link ">
                    <span>Chronological view</span>
                  </a> <!-- navigator-link  -->
                </li>
              </ul>
            </div> <!-- suite-section-content -->
            <div class="result-section">
              <div class="suite-section-title">
                <span>Results</span>
              </div> <!-- suite-section-title -->
              <div class="suite-section-content">
                <ul>
                  <li>
                    <span class="method-stats">18 methods, 5 failed,   13 passed</span>
                  </li>
                  <li>
                    <span class="method-list-title failed">Failed methods</span>
                    <span class="show-or-hide-methods failed">
                      <a href="#" panel-name="suite-ShowSlinger" class="hide-methods failed suite-ShowSlinger"> (hide)</a> <!-- hide-methods failed suite-ShowSlinger -->
                      <a href="#" panel-name="suite-ShowSlinger" class="show-methods failed suite-ShowSlinger"> (show)</a> <!-- show-methods failed suite-ShowSlinger -->
                    </span>
                    <div class="method-list-content failed suite-ShowSlinger">
                      <span>
                        <img src="failed.png" width="3%"/>
                        <a href="#" panel-name="suite-ShowSlinger" title="showslinger_user.Feature_Pass" class="method navigator-link" hash-for-method="ApplyPass_002_ApplyForBuyOnlineMultiPassEventNotSupport">ApplyPass_002_ApplyForBuyOnlineMultiPassEventNotSupport</a> <!-- method navigator-link -->
                      </span>
                      <br/>
                      <span>
                        <img src="failed.png" width="3%"/>
                        <a href="#" panel-name="suite-ShowSlinger" title="showslinger_user.Feature_Pass" class="method navigator-link" hash-for-method="ApplyPass_002_ApplyForBuyOnlineMultiPassOfficeSuccess">ApplyPass_002_ApplyForBuyOnlineMultiPassOfficeSuccess</a> <!-- method navigator-link -->
                      </span>
                      <br/>
                      <span>
                        <img src="failed.png" width="3%"/>
                        <a href="#" panel-name="suite-ShowSlinger" title="showslinger_user.Feature_Pass" class="method navigator-link" hash-for-method="ApplyPass_003_ApplyForBuyOnlineMultiPassTicketInvalid">ApplyPass_003_ApplyForBuyOnlineMultiPassTicketInvalid</a> <!-- method navigator-link -->
                      </span>
                      <br/>
                      <span>
                        <img src="failed.png" width="3%"/>
                        <a href="#" panel-name="suite-ShowSlinger" title="showslinger_user.Feature_Pass" class="method navigator-link" hash-for-method="BuyPass_BuyPassAccessCode_ForUseBuyOnline">BuyPass_BuyPassAccessCode_ForUseBuyOnline</a> <!-- method navigator-link -->
                      </span>
                      <br/>
                      <span>
                        <img src="failed.png" width="3%"/>
                        <a href="#" panel-name="suite-ShowSlinger" title="showslinger_user.Feature_Pass" class="method navigator-link" hash-for-method="Pass_DeleteAllPassSuccess">Pass_DeleteAllPassSuccess</a> <!-- method navigator-link -->
                      </span>
                      <br/>
                    </div> <!-- method-list-content failed suite-ShowSlinger -->
                  </li>
                  <li>
                    <span class="method-list-title passed">Passed methods</span>
                    <span class="show-or-hide-methods passed">
                      <a href="#" panel-name="suite-ShowSlinger" class="hide-methods passed suite-ShowSlinger"> (hide)</a> <!-- hide-methods passed suite-ShowSlinger -->
                      <a href="#" panel-name="suite-ShowSlinger" class="show-methods passed suite-ShowSlinger"> (show)</a> <!-- show-methods passed suite-ShowSlinger -->
                    </span>
                    <div class="method-list-content passed suite-ShowSlinger">
                      <span>
                        <img src="passed.png" width="3%"/>
                        <a href="#" panel-name="suite-ShowSlinger" title="showslinger_user.Feature_Pass" class="method navigator-link" hash-for-method="ApplyPass_001_OpenUrlBoxOffice">ApplyPass_001_OpenUrlBoxOffice</a> <!-- method navigator-link -->
                      </span>
                      <br/>
                      <span>
                        <img src="passed.png" width="3%"/>
                        <a href="#" panel-name="suite-ShowSlinger" title="showslinger_user.Feature_Pass" class="method navigator-link" hash-for-method="ApplyPass_002_ApplyForBoxMultiPassEventNotSupport">ApplyPass_002_ApplyForBoxMultiPassEventNotSupport</a> <!-- method navigator-link -->
                      </span>
                      <br/>
                      <span>
                        <img src="passed.png" width="3%"/>
                        <a href="#" panel-name="suite-ShowSlinger" title="showslinger_user.Feature_Pass" class="method navigator-link" hash-for-method="ApplyPass_003_ApplyForBoxMultiPassOfficeSuccess">ApplyPass_003_ApplyForBoxMultiPassOfficeSuccess</a> <!-- method navigator-link -->
                      </span>
                      <br/>
                      <span>
                        <img src="passed.png" width="3%"/>
                        <a href="#" panel-name="suite-ShowSlinger" title="showslinger_user.Feature_Pass" class="method navigator-link" hash-for-method="ApplyPass_004_ApplyForBoxMultiPassTicketInvalid">ApplyPass_004_ApplyForBoxMultiPassTicketInvalid</a> <!-- method navigator-link -->
                      </span>
                      <br/>
                      <span>
                        <img src="passed.png" width="3%"/>
                        <a href="#" panel-name="suite-ShowSlinger" title="showslinger_user.Feature_Pass" class="method navigator-link" hash-for-method="BuyPass_BuyPassAccessCode">BuyPass_BuyPassAccessCode</a> <!-- method navigator-link -->
                      </span>
                      <br/>
                      <span>
                        <img src="passed.png" width="3%"/>
                        <a href="#" panel-name="suite-ShowSlinger" title="showslinger_user.Feature_Pass" class="method navigator-link" hash-for-method="Pass_001_CreatePassFail">Pass_001_CreatePassFail</a> <!-- method navigator-link -->
                      </span>
                      <br/>
                      <span>
                        <img src="passed.png" width="3%"/>
                        <a href="#" panel-name="suite-ShowSlinger" title="showslinger_user.Feature_Pass" class="method navigator-link" hash-for-method="Pass_002_CreatePassSuccessSingleQR">Pass_002_CreatePassSuccessSingleQR</a> <!-- method navigator-link -->
                      </span>
                      <br/>
                      <span>
                        <img src="passed.png" width="3%"/>
                        <a href="#" panel-name="suite-ShowSlinger" title="showslinger_user.Feature_Pass" class="method navigator-link" hash-for-method="Pass_003_CreatePassuccessMultiTicket">Pass_003_CreatePassuccessMultiTicket</a> <!-- method navigator-link -->
                      </span>
                      <br/>
                      <span>
                        <img src="passed.png" width="3%"/>
                        <a href="#" panel-name="suite-ShowSlinger" title="showslinger_user.Feature_Pass" class="method navigator-link" hash-for-method="Pass_004_CreatePassuccessAccessCode">Pass_004_CreatePassuccessAccessCode</a> <!-- method navigator-link -->
                      </span>
                      <br/>
                      <span>
                        <img src="passed.png" width="3%"/>
                        <a href="#" panel-name="suite-ShowSlinger" title="showslinger_user.Feature_Pass" class="method navigator-link" hash-for-method="Pass_005_SwitchStatusPass">Pass_005_SwitchStatusPass</a> <!-- method navigator-link -->
                      </span>
                      <br/>
                      <span>
                        <img src="passed.png" width="3%"/>
                        <a href="#" panel-name="suite-ShowSlinger" title="showslinger_user.Feature_Pass" class="method navigator-link" hash-for-method="Pass_006_EditPassSuccess">Pass_006_EditPassSuccess</a> <!-- method navigator-link -->
                      </span>
                      <br/>
                      <span>
                        <img src="passed.png" width="3%"/>
                        <a href="#" panel-name="suite-ShowSlinger" title="showslinger_user.Feature_Pass" class="method navigator-link" hash-for-method="Pass_007_DeletePassSuccess">Pass_007_DeletePassSuccess</a> <!-- method navigator-link -->
                      </span>
                      <br/>
                      <span>
                        <img src="passed.png" width="3%"/>
                        <a href="#" panel-name="suite-ShowSlinger" title="showslinger_user.Feature_Pass" class="method navigator-link" hash-for-method="Pass_OpenUrlAndLogin">Pass_OpenUrlAndLogin</a> <!-- method navigator-link -->
                      </span>
                      <br/>
                    </div> <!-- method-list-content passed suite-ShowSlinger -->
                  </li>
                </ul>
              </div> <!-- suite-section-content -->
            </div> <!-- result-section -->
          </div> <!-- navigator-suite-content -->
        </div> <!-- rounded-window -->
      </div> <!-- suite -->
    </div> <!-- navigator-root -->
    <div class="wrapper">
      <div class="main-panel-root">
        <div panel-name="suite-ShowSlinger" class="panel ShowSlinger">
          <div class="suite-ShowSlinger-class-failed">
            <div class="main-panel-header rounded-window-top">
              <img src="failed.png"/>
              <span class="class-name">showslinger_user.Feature_Pass</span>
            </div> <!-- main-panel-header rounded-window-top -->
            <div class="main-panel-content rounded-window-bottom">
              <div class="method">
                <div class="method-content">
                  <a name="ApplyPass_002_ApplyForBuyOnlineMultiPassEventNotSupport">
                  </a> <!-- ApplyPass_002_ApplyForBuyOnlineMultiPassEventNotSupport -->
                  <span class="method-name">ApplyPass_002_ApplyForBuyOnlineMultiPassEventNotSupport</span>
                  <div class="stack-trace">org.openqa.selenium.TimeoutException: Expected condition failed: waiting for element to be clickable: By.xpath: //span[text()=&apos;Calendar&apos;] (tried for 30 second(s) with 500 milliseconds interval)
	at org.openqa.selenium.support.ui.WebDriverWait.timeoutException(WebDriverWait.java:95)
	at org.openqa.selenium.support.ui.FluentWait.until(FluentWait.java:272)
	at commons.BasePage.waitForElementClickable(BasePage.java:470)
	at pageObject.user.UserPassPageObject.clickToItemOfLeftMenu(UserPassPageObject.java:67)
	at showslinger_user.Feature_Pass.ApplyPass_002_ApplyForBuyOnlineMultiPassEventNotSupport(Feature_Pass.java:467)
Caused by: org.openqa.selenium.NoSuchElementException: no such element: Unable to locate element: {&quot;method&quot;:&quot;xpath&quot;,&quot;selector&quot;:&quot;//span[text()=&apos;Calendar&apos;]&quot;}
  (Session info: chrome=114.0.5735.133)
For documentation on this error, please visit: https://www.seleniumhq.org/exceptions/no_such_element.html
Build info: version: &apos;3.141.59&apos;, revision: &apos;e82be7d358&apos;, time: &apos;2018-11-14T08:25:53&apos;
System info: host: &apos;DANGs-MacBook-Pro.local&apos;, ip: &apos;fe80:0:0:0:1812:8cc3:2b26:b0a0%en0&apos;, os.name: &apos;Mac OS X&apos;, os.arch: &apos;x86_64&apos;, os.version: &apos;12.5.1&apos;, java.version: &apos;11.0.17&apos;
Driver info: org.openqa.selenium.chrome.ChromeDriver
Capabilities {acceptInsecureCerts: false, browserName: chrome, browserVersion: 114.0.5735.133, chrome: {chromedriverVersion: 113.0.5672.63 (0e1a4471d5ae..., userDataDir: /var/folders/pm/gzm9jcks7wv...}, goog:chromeOptions: {debuggerAddress: localhost:59321}, javascriptEnabled: true, networkConnectionEnabled: false, pageLoadStrategy: normal, platform: MAC, platformName: MAC, proxy: Proxy(), setWindowRect: true, strictFileInteractability: false, timeouts: {implicit: 0, pageLoad: 300000, script: 30000}, unhandledPromptBehavior: dismiss and notify, webauthn:extension:credBlob: true, webauthn:extension:largeBlob: true, webauthn:extension:minPinLength: true, webauthn:extension:prf: true, webauthn:virtualAuthenticators: true}
Session ID: f111920c837a711813550255e76e45cf
*** Element info: {Using=xpath, value=//span[text()=&apos;Calendar&apos;]}
	at org.openqa.selenium.remote.http.W3CHttpResponseCodec.createException(W3CHttpResponseCodec.java:187)
	at org.openqa.selenium.remote.http.W3CHttpResponseCodec.decode(W3CHttpResponseCodec.java:122)
	at org.openqa.selenium.remote.http.W3CHttpResponseCodec.decode(W3CHttpResponseCodec.java:49)
	at org.openqa.selenium.remote.HttpCommandExecutor.execute(HttpCommandExecutor.java:158)
	at org.openqa.selenium.remote.service.DriverCommandExecutor.execute(DriverCommandExecutor.java:83)
	at org.openqa.selenium.remote.RemoteWebDriver.execute(RemoteWebDriver.java:552)
	at org.openqa.selenium.remote.RemoteWebDriver.findElement(RemoteWebDriver.java:323)
	at org.openqa.selenium.remote.RemoteWebDriver.findElementByXPath(RemoteWebDriver.java:428)
	at org.openqa.selenium.By$ByXPath.findElement(By.java:353)
	at org.openqa.selenium.remote.RemoteWebDriver.findElement(RemoteWebDriver.java:315)
	at org.openqa.selenium.support.ui.ExpectedConditions$7.apply(ExpectedConditions.java:205)
	at org.openqa.selenium.support.ui.ExpectedConditions$7.apply(ExpectedConditions.java:201)
	at org.openqa.selenium.support.ui.ExpectedConditions$22.apply(ExpectedConditions.java:641)
	at org.openqa.selenium.support.ui.ExpectedConditions$22.apply(ExpectedConditions.java:638)
	at org.openqa.selenium.support.ui.FluentWait.until(FluentWait.java:249)
	... 28 more
... Removed 29 stack frames
</div> <!-- stack-trace -->
                </div> <!-- method-content -->
              </div> <!-- method -->
              <div class="method">
                <div class="method-content">
                  <a name="ApplyPass_002_ApplyForBuyOnlineMultiPassOfficeSuccess">
                  </a> <!-- ApplyPass_002_ApplyForBuyOnlineMultiPassOfficeSuccess -->
                  <span class="method-name">ApplyPass_002_ApplyForBuyOnlineMultiPassOfficeSuccess</span>
                  <div class="stack-trace">org.openqa.selenium.ElementClickInterceptedException: element click intercepted: Element &lt;li class=&quot;has-sale&quot; data-item-id=&quot;3085&quot; data-item-type=&quot;ticket&quot; draggable=&quot;false&quot;&gt;...&lt;/li&gt; is not clickable at point (438, 579). Other element would receive the click: &lt;input accept=&quot;.png,.jpg,.webp&quot; type=&quot;file&quot; name=&quot;ticket[event_image]&quot; id=&quot;ticket_event_image&quot;&gt;
  (Session info: chrome=114.0.5735.133)
Build info: version: &apos;3.141.59&apos;, revision: &apos;e82be7d358&apos;, time: &apos;2018-11-14T08:25:53&apos;
System info: host: &apos;DANGs-MacBook-Pro.local&apos;, ip: &apos;fe80:0:0:0:1812:8cc3:2b26:b0a0%en0&apos;, os.name: &apos;Mac OS X&apos;, os.arch: &apos;x86_64&apos;, os.version: &apos;12.5.1&apos;, java.version: &apos;11.0.17&apos;
Driver info: org.openqa.selenium.chrome.ChromeDriver
Capabilities {acceptInsecureCerts: false, browserName: chrome, browserVersion: 114.0.5735.133, chrome: {chromedriverVersion: 113.0.5672.63 (0e1a4471d5ae..., userDataDir: /var/folders/pm/gzm9jcks7wv...}, goog:chromeOptions: {debuggerAddress: localhost:59321}, javascriptEnabled: true, networkConnectionEnabled: false, pageLoadStrategy: normal, platform: MAC, platformName: MAC, proxy: Proxy(), setWindowRect: true, strictFileInteractability: false, timeouts: {implicit: 0, pageLoad: 300000, script: 30000}, unhandledPromptBehavior: dismiss and notify, webauthn:extension:credBlob: true, webauthn:extension:largeBlob: true, webauthn:extension:minPinLength: true, webauthn:extension:prf: true, webauthn:virtualAuthenticators: true}
Session ID: f111920c837a711813550255e76e45cf
	at org.openqa.selenium.remote.http.W3CHttpResponseCodec.createException(W3CHttpResponseCodec.java:187)
	at org.openqa.selenium.remote.http.W3CHttpResponseCodec.decode(W3CHttpResponseCodec.java:122)
	at org.openqa.selenium.remote.http.W3CHttpResponseCodec.decode(W3CHttpResponseCodec.java:49)
	at org.openqa.selenium.remote.HttpCommandExecutor.execute(HttpCommandExecutor.java:158)
	at org.openqa.selenium.remote.service.DriverCommandExecutor.execute(DriverCommandExecutor.java:83)
	at org.openqa.selenium.remote.RemoteWebDriver.execute(RemoteWebDriver.java:552)
	at org.openqa.selenium.remote.RemoteWebElement.execute(RemoteWebElement.java:285)
	at org.openqa.selenium.remote.RemoteWebElement.click(RemoteWebElement.java:84)
	at commons.BasePage.clickToElement(BasePage.java:169)
	at pageObject.user.UserPassPageObject.clickToEvent(UserPassPageObject.java:305)
	at showslinger_user.Feature_Pass.ApplyPass_002_ApplyForBuyOnlineMultiPassOfficeSuccess(Feature_Pass.java:495)
... Removed 29 stack frames
</div> <!-- stack-trace -->
                </div> <!-- method-content -->
              </div> <!-- method -->
              <div class="method">
                <div class="method-content">
                  <a name="ApplyPass_003_ApplyForBuyOnlineMultiPassTicketInvalid">
                  </a> <!-- ApplyPass_003_ApplyForBuyOnlineMultiPassTicketInvalid -->
                  <span class="method-name">ApplyPass_003_ApplyForBuyOnlineMultiPassTicketInvalid</span>
                  <div class="stack-trace">org.openqa.selenium.TimeoutException: Expected condition failed: waiting for element to be clickable: By.xpath: //strong[text()=&apos;Giang Test auto&apos;]/ancestor::li[@class=&apos;has-sale&apos;] (tried for 30 second(s) with 500 milliseconds interval)
	at org.openqa.selenium.support.ui.WebDriverWait.timeoutException(WebDriverWait.java:95)
	at org.openqa.selenium.support.ui.FluentWait.until(FluentWait.java:272)
	at commons.BasePage.waitForElementClickable(BasePage.java:470)
	at pageObject.user.UserPassPageObject.clickToEvent(UserPassPageObject.java:304)
	at showslinger_user.Feature_Pass.ApplyPass_003_ApplyForBuyOnlineMultiPassTicketInvalid(Feature_Pass.java:543)
Caused by: org.openqa.selenium.NoSuchElementException: no such element: Unable to locate element: {&quot;method&quot;:&quot;xpath&quot;,&quot;selector&quot;:&quot;//strong[text()=&apos;Giang Test auto&apos;]/ancestor::li[@class=&apos;has-sale&apos;]&quot;}
  (Session info: chrome=114.0.5735.133)
For documentation on this error, please visit: https://www.seleniumhq.org/exceptions/no_such_element.html
Build info: version: &apos;3.141.59&apos;, revision: &apos;e82be7d358&apos;, time: &apos;2018-11-14T08:25:53&apos;
System info: host: &apos;DANGs-MacBook-Pro.local&apos;, ip: &apos;fe80:0:0:0:1812:8cc3:2b26:b0a0%en0&apos;, os.name: &apos;Mac OS X&apos;, os.arch: &apos;x86_64&apos;, os.version: &apos;12.5.1&apos;, java.version: &apos;11.0.17&apos;
Driver info: org.openqa.selenium.chrome.ChromeDriver
Capabilities {acceptInsecureCerts: false, browserName: chrome, browserVersion: 114.0.5735.133, chrome: {chromedriverVersion: 113.0.5672.63 (0e1a4471d5ae..., userDataDir: /var/folders/pm/gzm9jcks7wv...}, goog:chromeOptions: {debuggerAddress: localhost:59321}, javascriptEnabled: true, networkConnectionEnabled: false, pageLoadStrategy: normal, platform: MAC, platformName: MAC, proxy: Proxy(), setWindowRect: true, strictFileInteractability: false, timeouts: {implicit: 0, pageLoad: 300000, script: 30000}, unhandledPromptBehavior: dismiss and notify, webauthn:extension:credBlob: true, webauthn:extension:largeBlob: true, webauthn:extension:minPinLength: true, webauthn:extension:prf: true, webauthn:virtualAuthenticators: true}
Session ID: f111920c837a711813550255e76e45cf
*** Element info: {Using=xpath, value=//strong[text()=&apos;Giang Test auto&apos;]/ancestor::li[@class=&apos;has-sale&apos;]}
	at org.openqa.selenium.remote.http.W3CHttpResponseCodec.createException(W3CHttpResponseCodec.java:187)
	at org.openqa.selenium.remote.http.W3CHttpResponseCodec.decode(W3CHttpResponseCodec.java:122)
	at org.openqa.selenium.remote.http.W3CHttpResponseCodec.decode(W3CHttpResponseCodec.java:49)
	at org.openqa.selenium.remote.HttpCommandExecutor.execute(HttpCommandExecutor.java:158)
	at org.openqa.selenium.remote.service.DriverCommandExecutor.execute(DriverCommandExecutor.java:83)
	at org.openqa.selenium.remote.RemoteWebDriver.execute(RemoteWebDriver.java:552)
	at org.openqa.selenium.remote.RemoteWebDriver.findElement(RemoteWebDriver.java:323)
	at org.openqa.selenium.remote.RemoteWebDriver.findElementByXPath(RemoteWebDriver.java:428)
	at org.openqa.selenium.By$ByXPath.findElement(By.java:353)
	at org.openqa.selenium.remote.RemoteWebDriver.findElement(RemoteWebDriver.java:315)
	at org.openqa.selenium.support.ui.ExpectedConditions$7.apply(ExpectedConditions.java:205)
	at org.openqa.selenium.support.ui.ExpectedConditions$7.apply(ExpectedConditions.java:201)
	at org.openqa.selenium.support.ui.ExpectedConditions$22.apply(ExpectedConditions.java:641)
	at org.openqa.selenium.support.ui.ExpectedConditions$22.apply(ExpectedConditions.java:638)
	at org.openqa.selenium.support.ui.FluentWait.until(FluentWait.java:249)
	... 28 more
... Removed 29 stack frames
</div> <!-- stack-trace -->
                </div> <!-- method-content -->
              </div> <!-- method -->
              <div class="method">
                <div class="method-content">
                  <a name="BuyPass_BuyPassAccessCode_ForUseBuyOnline">
                  </a> <!-- BuyPass_BuyPassAccessCode_ForUseBuyOnline -->
                  <span class="method-name">BuyPass_BuyPassAccessCode_ForUseBuyOnline</span>
                  <div class="stack-trace">org.openqa.selenium.TimeoutException: Expected condition failed: waiting for element to be clickable: By.xpath: //select[@data-name=&apos;Giang Test auto&apos;] (tried for 30 second(s) with 500 milliseconds interval)
	at org.openqa.selenium.support.ui.WebDriverWait.timeoutException(WebDriverWait.java:95)
	at org.openqa.selenium.support.ui.FluentWait.until(FluentWait.java:272)
	at commons.BasePage.waitForElementClickable(BasePage.java:470)
	at pageObject.user.UserPassPageObject.clickToDropDownSelectQuantityTicket(UserPassPageObject.java:246)
	at showslinger_user.Feature_Pass.BuyPass_BuyPassAccessCode_ForUseBuyOnline(Feature_Pass.java:414)
Caused by: org.openqa.selenium.NoSuchElementException: no such element: Unable to locate element: {&quot;method&quot;:&quot;xpath&quot;,&quot;selector&quot;:&quot;//select[@data-name=&apos;Giang Test auto&apos;]&quot;}
  (Session info: chrome=114.0.5735.133)
For documentation on this error, please visit: https://www.seleniumhq.org/exceptions/no_such_element.html
Build info: version: &apos;3.141.59&apos;, revision: &apos;e82be7d358&apos;, time: &apos;2018-11-14T08:25:53&apos;
System info: host: &apos;DANGs-MacBook-Pro.local&apos;, ip: &apos;fe80:0:0:0:1812:8cc3:2b26:b0a0%en0&apos;, os.name: &apos;Mac OS X&apos;, os.arch: &apos;x86_64&apos;, os.version: &apos;12.5.1&apos;, java.version: &apos;11.0.17&apos;
Driver info: org.openqa.selenium.chrome.ChromeDriver
Capabilities {acceptInsecureCerts: false, browserName: chrome, browserVersion: 114.0.5735.133, chrome: {chromedriverVersion: 113.0.5672.63 (0e1a4471d5ae..., userDataDir: /var/folders/pm/gzm9jcks7wv...}, goog:chromeOptions: {debuggerAddress: localhost:59321}, javascriptEnabled: true, networkConnectionEnabled: false, pageLoadStrategy: normal, platform: MAC, platformName: MAC, proxy: Proxy(), setWindowRect: true, strictFileInteractability: false, timeouts: {implicit: 0, pageLoad: 300000, script: 30000}, unhandledPromptBehavior: dismiss and notify, webauthn:extension:credBlob: true, webauthn:extension:largeBlob: true, webauthn:extension:minPinLength: true, webauthn:extension:prf: true, webauthn:virtualAuthenticators: true}
Session ID: f111920c837a711813550255e76e45cf
*** Element info: {Using=xpath, value=//select[@data-name=&apos;Giang Test auto&apos;]}
	at org.openqa.selenium.remote.http.W3CHttpResponseCodec.createException(W3CHttpResponseCodec.java:187)
	at org.openqa.selenium.remote.http.W3CHttpResponseCodec.decode(W3CHttpResponseCodec.java:122)
	at org.openqa.selenium.remote.http.W3CHttpResponseCodec.decode(W3CHttpResponseCodec.java:49)
	at org.openqa.selenium.remote.HttpCommandExecutor.execute(HttpCommandExecutor.java:158)
	at org.openqa.selenium.remote.service.DriverCommandExecutor.execute(DriverCommandExecutor.java:83)
	at org.openqa.selenium.remote.RemoteWebDriver.execute(RemoteWebDriver.java:552)
	at org.openqa.selenium.remote.RemoteWebDriver.findElement(RemoteWebDriver.java:323)
	at org.openqa.selenium.remote.RemoteWebDriver.findElementByXPath(RemoteWebDriver.java:428)
	at org.openqa.selenium.By$ByXPath.findElement(By.java:353)
	at org.openqa.selenium.remote.RemoteWebDriver.findElement(RemoteWebDriver.java:315)
	at org.openqa.selenium.support.ui.ExpectedConditions$7.apply(ExpectedConditions.java:205)
	at org.openqa.selenium.support.ui.ExpectedConditions$7.apply(ExpectedConditions.java:201)
	at org.openqa.selenium.support.ui.ExpectedConditions$22.apply(ExpectedConditions.java:641)
	at org.openqa.selenium.support.ui.ExpectedConditions$22.apply(ExpectedConditions.java:638)
	at org.openqa.selenium.support.ui.FluentWait.until(FluentWait.java:249)
	... 28 more
... Removed 29 stack frames
</div> <!-- stack-trace -->
                </div> <!-- method-content -->
              </div> <!-- method -->
              <div class="method">
                <div class="method-content">
                  <a name="Pass_DeleteAllPassSuccess">
                  </a> <!-- Pass_DeleteAllPassSuccess -->
                  <span class="method-name">Pass_DeleteAllPassSuccess</span>
                  <div class="stack-trace">org.openqa.selenium.TimeoutException: Expected condition failed: waiting for element to be clickable: By.xpath: //td[text()=&apos;Pass Single QR 739&apos;]/following::div[@class=&apos;dropdown-custom-ss dropdown&apos;] (tried for 30 second(s) with 500 milliseconds interval)
	at org.openqa.selenium.support.ui.WebDriverWait.timeoutException(WebDriverWait.java:95)
	at org.openqa.selenium.support.ui.FluentWait.until(FluentWait.java:272)
	at commons.BasePage.waitForElementClickable(BasePage.java:470)
	at pageObject.user.UserPassPageObject.clickToMoreMenuButton(UserPassPageObject.java:189)
	at pageObject.user.UserPassPageObject.clickToActionButton(UserPassPageObject.java:200)
	at showslinger_user.Feature_Pass.Pass_DeleteAllPassSuccess(Feature_Pass.java:558)
Caused by: org.openqa.selenium.NoSuchElementException: no such element: Unable to locate element: {&quot;method&quot;:&quot;xpath&quot;,&quot;selector&quot;:&quot;//td[text()=&apos;Pass Single QR 739&apos;]/following::div[@class=&apos;dropdown-custom-ss dropdown&apos;]&quot;}
  (Session info: chrome=114.0.5735.133)
For documentation on this error, please visit: https://www.seleniumhq.org/exceptions/no_such_element.html
Build info: version: &apos;3.141.59&apos;, revision: &apos;e82be7d358&apos;, time: &apos;2018-11-14T08:25:53&apos;
System info: host: &apos;DANGs-MacBook-Pro.local&apos;, ip: &apos;fe80:0:0:0:1812:8cc3:2b26:b0a0%en0&apos;, os.name: &apos;Mac OS X&apos;, os.arch: &apos;x86_64&apos;, os.version: &apos;12.5.1&apos;, java.version: &apos;11.0.17&apos;
Driver info: org.openqa.selenium.chrome.ChromeDriver
Capabilities {acceptInsecureCerts: false, browserName: chrome, browserVersion: 114.0.5735.133, chrome: {chromedriverVersion: 113.0.5672.63 (0e1a4471d5ae..., userDataDir: /var/folders/pm/gzm9jcks7wv...}, goog:chromeOptions: {debuggerAddress: localhost:59321}, javascriptEnabled: true, networkConnectionEnabled: false, pageLoadStrategy: normal, platform: MAC, platformName: MAC, proxy: Proxy(), setWindowRect: true, strictFileInteractability: false, timeouts: {implicit: 0, pageLoad: 300000, script: 30000}, unhandledPromptBehavior: dismiss and notify, webauthn:extension:credBlob: true, webauthn:extension:largeBlob: true, webauthn:extension:minPinLength: true, webauthn:extension:prf: true, webauthn:virtualAuthenticators: true}
Session ID: f111920c837a711813550255e76e45cf
*** Element info: {Using=xpath, value=//td[text()=&apos;Pass Single QR 739&apos;]/following::div[@class=&apos;dropdown-custom-ss dropdown&apos;]}
	at org.openqa.selenium.remote.http.W3CHttpResponseCodec.createException(W3CHttpResponseCodec.java:187)
	at org.openqa.selenium.remote.http.W3CHttpResponseCodec.decode(W3CHttpResponseCodec.java:122)
	at org.openqa.selenium.remote.http.W3CHttpResponseCodec.decode(W3CHttpResponseCodec.java:49)
	at org.openqa.selenium.remote.HttpCommandExecutor.execute(HttpCommandExecutor.java:158)
	at org.openqa.selenium.remote.service.DriverCommandExecutor.execute(DriverCommandExecutor.java:83)
	at org.openqa.selenium.remote.RemoteWebDriver.execute(RemoteWebDriver.java:552)
	at org.openqa.selenium.remote.RemoteWebDriver.findElement(RemoteWebDriver.java:323)
	at org.openqa.selenium.remote.RemoteWebDriver.findElementByXPath(RemoteWebDriver.java:428)
	at org.openqa.selenium.By$ByXPath.findElement(By.java:353)
	at org.openqa.selenium.remote.RemoteWebDriver.findElement(RemoteWebDriver.java:315)
	at org.openqa.selenium.support.ui.ExpectedConditions$7.apply(ExpectedConditions.java:205)
	at org.openqa.selenium.support.ui.ExpectedConditions$7.apply(ExpectedConditions.java:201)
	at org.openqa.selenium.support.ui.ExpectedConditions$22.apply(ExpectedConditions.java:641)
	at org.openqa.selenium.support.ui.ExpectedConditions$22.apply(ExpectedConditions.java:638)
	at org.openqa.selenium.support.ui.FluentWait.until(FluentWait.java:249)
	... 29 more
... Removed 29 stack frames
</div> <!-- stack-trace -->
                </div> <!-- method-content -->
              </div> <!-- method -->
            </div> <!-- main-panel-content rounded-window-bottom -->
          </div> <!-- suite-ShowSlinger-class-failed -->
          <div class="suite-ShowSlinger-class-passed">
            <div class="main-panel-header rounded-window-top">
              <img src="passed.png"/>
              <span class="class-name">showslinger_user.Feature_Pass</span>
            </div> <!-- main-panel-header rounded-window-top -->
            <div class="main-panel-content rounded-window-bottom">
              <div class="method">
                <div class="method-content">
                  <a name="ApplyPass_001_OpenUrlBoxOffice">
                  </a> <!-- ApplyPass_001_OpenUrlBoxOffice -->
                  <span class="method-name">ApplyPass_001_OpenUrlBoxOffice</span>
                </div> <!-- method-content -->
              </div> <!-- method -->
              <div class="method">
                <div class="method-content">
                  <a name="ApplyPass_002_ApplyForBoxMultiPassEventNotSupport">
                  </a> <!-- ApplyPass_002_ApplyForBoxMultiPassEventNotSupport -->
                  <span class="method-name">ApplyPass_002_ApplyForBoxMultiPassEventNotSupport</span>
                </div> <!-- method-content -->
              </div> <!-- method -->
              <div class="method">
                <div class="method-content">
                  <a name="ApplyPass_003_ApplyForBoxMultiPassOfficeSuccess">
                  </a> <!-- ApplyPass_003_ApplyForBoxMultiPassOfficeSuccess -->
                  <span class="method-name">ApplyPass_003_ApplyForBoxMultiPassOfficeSuccess</span>
                </div> <!-- method-content -->
              </div> <!-- method -->
              <div class="method">
                <div class="method-content">
                  <a name="ApplyPass_004_ApplyForBoxMultiPassTicketInvalid">
                  </a> <!-- ApplyPass_004_ApplyForBoxMultiPassTicketInvalid -->
                  <span class="method-name">ApplyPass_004_ApplyForBoxMultiPassTicketInvalid</span>
                </div> <!-- method-content -->
              </div> <!-- method -->
              <div class="method">
                <div class="method-content">
                  <a name="BuyPass_BuyPassAccessCode">
                  </a> <!-- BuyPass_BuyPassAccessCode -->
                  <span class="method-name">BuyPass_BuyPassAccessCode</span>
                </div> <!-- method-content -->
              </div> <!-- method -->
              <div class="method">
                <div class="method-content">
                  <a name="Pass_001_CreatePassFail">
                  </a> <!-- Pass_001_CreatePassFail -->
                  <span class="method-name">Pass_001_CreatePassFail</span>
                </div> <!-- method-content -->
              </div> <!-- method -->
              <div class="method">
                <div class="method-content">
                  <a name="Pass_002_CreatePassSuccessSingleQR">
                  </a> <!-- Pass_002_CreatePassSuccessSingleQR -->
                  <span class="method-name">Pass_002_CreatePassSuccessSingleQR</span>
                </div> <!-- method-content -->
              </div> <!-- method -->
              <div class="method">
                <div class="method-content">
                  <a name="Pass_003_CreatePassuccessMultiTicket">
                  </a> <!-- Pass_003_CreatePassuccessMultiTicket -->
                  <span class="method-name">Pass_003_CreatePassuccessMultiTicket</span>
                </div> <!-- method-content -->
              </div> <!-- method -->
              <div class="method">
                <div class="method-content">
                  <a name="Pass_004_CreatePassuccessAccessCode">
                  </a> <!-- Pass_004_CreatePassuccessAccessCode -->
                  <span class="method-name">Pass_004_CreatePassuccessAccessCode</span>
                </div> <!-- method-content -->
              </div> <!-- method -->
              <div class="method">
                <div class="method-content">
                  <a name="Pass_005_SwitchStatusPass">
                  </a> <!-- Pass_005_SwitchStatusPass -->
                  <span class="method-name">Pass_005_SwitchStatusPass</span>
                </div> <!-- method-content -->
              </div> <!-- method -->
              <div class="method">
                <div class="method-content">
                  <a name="Pass_006_EditPassSuccess">
                  </a> <!-- Pass_006_EditPassSuccess -->
                  <span class="method-name">Pass_006_EditPassSuccess</span>
                </div> <!-- method-content -->
              </div> <!-- method -->
              <div class="method">
                <div class="method-content">
                  <a name="Pass_007_DeletePassSuccess">
                  </a> <!-- Pass_007_DeletePassSuccess -->
                  <span class="method-name">Pass_007_DeletePassSuccess</span>
                </div> <!-- method-content -->
              </div> <!-- method -->
              <div class="method">
                <div class="method-content">
                  <a name="Pass_OpenUrlAndLogin">
                  </a> <!-- Pass_OpenUrlAndLogin -->
                  <span class="method-name">Pass_OpenUrlAndLogin</span>
                </div> <!-- method-content -->
              </div> <!-- method -->
            </div> <!-- main-panel-content rounded-window-bottom -->
          </div> <!-- suite-ShowSlinger-class-passed -->
        </div> <!-- panel ShowSlinger -->
        <div panel-name="test-xml-ShowSlinger" class="panel">
          <div class="main-panel-header rounded-window-top">
            <span class="header-content">/Users/Automation Testing/Automation_Testing_MBF/mbf_framework_showslinger_web/resources/runShowSlingerTest.xml</span>
          </div> <!-- main-panel-header rounded-window-top -->
          <div class="main-panel-content rounded-window-bottom">
            <pre>
&lt;?xml version=&quot;1.0&quot; encoding=&quot;UTF-8&quot;?&gt;
&lt;!DOCTYPE suite SYSTEM &quot;http://testng.org/testng-1.0.dtd&quot;&gt;
&lt;suite name=&quot;ShowSlinger&quot;&gt;
  &lt;listeners&gt;
    &lt;listener class-name=&quot;commons.MethodListener&quot;/&gt;
    &lt;listener class-name=&quot;reportConfig.AllureTestListener&quot;/&gt;
  &lt;/listeners&gt;
  &lt;test thread-count=&quot;5&quot; name=&quot;Sign up/Login&quot;&gt;
    &lt;parameter name=&quot;browser&quot; value=&quot;chrome&quot;/&gt;
    &lt;parameter name=&quot;portalURL&quot; value=&quot;homepage&quot;/&gt;
    &lt;classes&gt;
      &lt;class name=&quot;showslinger_user.Feature_Pass&quot;/&gt;
    &lt;/classes&gt;
  &lt;/test&gt; &lt;!-- Sign up/Login --&gt;
&lt;/suite&gt; &lt;!-- ShowSlinger --&gt;
            </pre>
          </div> <!-- main-panel-content rounded-window-bottom -->
        </div> <!-- panel -->
        <div panel-name="testlist-ShowSlinger" class="panel">
          <div class="main-panel-header rounded-window-top">
            <span class="header-content">Tests for ShowSlinger</span>
          </div> <!-- main-panel-header rounded-window-top -->
          <div class="main-panel-content rounded-window-bottom">
            <ul>
              <li>
                <span class="test-name">Sign up/Login (1 class)</span>
              </li>
            </ul>
          </div> <!-- main-panel-content rounded-window-bottom -->
        </div> <!-- panel -->
        <div panel-name="group-ShowSlinger" class="panel">
          <div class="main-panel-header rounded-window-top">
            <span class="header-content">Groups for ShowSlinger</span>
          </div> <!-- main-panel-header rounded-window-top -->
          <div class="main-panel-content rounded-window-bottom">
          </div> <!-- main-panel-content rounded-window-bottom -->
        </div> <!-- panel -->
        <div panel-name="times-ShowSlinger" class="panel">
          <div class="main-panel-header rounded-window-top">
            <span class="header-content">Times for ShowSlinger</span>
          </div> <!-- main-panel-header rounded-window-top -->
          <div class="main-panel-content rounded-window-bottom">
            <div class="times-div">
              <script type="text/javascript">
suiteTableInitFunctions.push('tableData_ShowSlinger');
function tableData_ShowSlinger() {
var data = new google.visualization.DataTable();
data.addColumn('number', 'Number');
data.addColumn('string', 'Method');
data.addColumn('string', 'Class');
data.addColumn('number', 'Time (ms)');
data.addRows(18);
data.setCell(0, 0, 0)
data.setCell(0, 1, 'BuyPass_BuyPassAccessCode_ForUseBuyOnline')
data.setCell(0, 2, 'showslinger_user.Feature_Pass')
data.setCell(0, 3, 50145);
data.setCell(1, 0, 1)
data.setCell(1, 1, 'BuyPass_BuyPassAccessCode')
data.setCell(1, 2, 'showslinger_user.Feature_Pass')
data.setCell(1, 3, 48723);
data.setCell(2, 0, 2)
data.setCell(2, 1, 'Pass_OpenUrlAndLogin')
data.setCell(2, 2, 'showslinger_user.Feature_Pass')
data.setCell(2, 3, 47812);
data.setCell(3, 0, 3)
data.setCell(3, 1, 'ApplyPass_002_ApplyForBuyOnlineMultiPassEventNotSupport')
data.setCell(3, 2, 'showslinger_user.Feature_Pass')
data.setCell(3, 3, 40720);
data.setCell(4, 0, 4)
data.setCell(4, 1, 'ApplyPass_003_ApplyForBuyOnlineMultiPassTicketInvalid')
data.setCell(4, 2, 'showslinger_user.Feature_Pass')
data.setCell(4, 3, 40587);
data.setCell(5, 0, 5)
data.setCell(5, 1, 'Pass_DeleteAllPassSuccess')
data.setCell(5, 2, 'showslinger_user.Feature_Pass')
data.setCell(5, 3, 40584);
data.setCell(6, 0, 6)
data.setCell(6, 1, 'Pass_005_SwitchStatusPass')
data.setCell(6, 2, 'showslinger_user.Feature_Pass')
data.setCell(6, 3, 21383);
data.setCell(7, 0, 7)
data.setCell(7, 1, 'Pass_004_CreatePassuccessAccessCode')
data.setCell(7, 2, 'showslinger_user.Feature_Pass')
data.setCell(7, 3, 16230);
data.setCell(8, 0, 8)
data.setCell(8, 1, 'ApplyPass_003_ApplyForBoxMultiPassOfficeSuccess')
data.setCell(8, 2, 'showslinger_user.Feature_Pass')
data.setCell(8, 3, 13843);
data.setCell(9, 0, 9)
data.setCell(9, 1, 'Pass_007_DeletePassSuccess')
data.setCell(9, 2, 'showslinger_user.Feature_Pass')
data.setCell(9, 3, 12676);
data.setCell(10, 0, 10)
data.setCell(10, 1, 'Pass_006_EditPassSuccess')
data.setCell(10, 2, 'showslinger_user.Feature_Pass')
data.setCell(10, 3, 10194);
data.setCell(11, 0, 11)
data.setCell(11, 1, 'Pass_002_CreatePassSuccessSingleQR')
data.setCell(11, 2, 'showslinger_user.Feature_Pass')
data.setCell(11, 3, 9831);
data.setCell(12, 0, 12)
data.setCell(12, 1, 'Pass_003_CreatePassuccessMultiTicket')
data.setCell(12, 2, 'showslinger_user.Feature_Pass')
data.setCell(12, 3, 8366);
data.setCell(13, 0, 13)
data.setCell(13, 1, 'ApplyPass_002_ApplyForBoxMultiPassEventNotSupport')
data.setCell(13, 2, 'showslinger_user.Feature_Pass')
data.setCell(13, 3, 6659);
data.setCell(14, 0, 14)
data.setCell(14, 1, 'Pass_001_CreatePassFail')
data.setCell(14, 2, 'showslinger_user.Feature_Pass')
data.setCell(14, 3, 3553);
data.setCell(15, 0, 15)
data.setCell(15, 1, 'ApplyPass_001_OpenUrlBoxOffice')
data.setCell(15, 2, 'showslinger_user.Feature_Pass')
data.setCell(15, 3, 2750);
data.setCell(16, 0, 16)
data.setCell(16, 1, 'ApplyPass_004_ApplyForBoxMultiPassTicketInvalid')
data.setCell(16, 2, 'showslinger_user.Feature_Pass')
data.setCell(16, 3, 1810);
data.setCell(17, 0, 17)
data.setCell(17, 1, 'ApplyPass_002_ApplyForBuyOnlineMultiPassOfficeSuccess')
data.setCell(17, 2, 'showslinger_user.Feature_Pass')
data.setCell(17, 3, 1105);
window.suiteTableData['ShowSlinger']= { tableData: data, tableDiv: 'times-div-ShowSlinger'}
return data;
}
              </script>
              <span class="suite-total-time">Total running time: 6 minutes</span>
              <div id="times-div-ShowSlinger">
              </div> <!-- times-div-ShowSlinger -->
            </div> <!-- times-div -->
          </div> <!-- main-panel-content rounded-window-bottom -->
        </div> <!-- panel -->
        <div panel-name="reporter-ShowSlinger" class="panel">
          <div class="main-panel-header rounded-window-top">
            <span class="header-content">Reporter output for ShowSlinger</span>
          </div> <!-- main-panel-header rounded-window-top -->
          <div class="main-panel-content rounded-window-bottom">
          </div> <!-- main-panel-content rounded-window-bottom -->
        </div> <!-- panel -->
        <div panel-name="ignored-methods-ShowSlinger" class="panel">
          <div class="main-panel-header rounded-window-top">
            <span class="header-content">0 ignored methods</span>
          </div> <!-- main-panel-header rounded-window-top -->
          <div class="main-panel-content rounded-window-bottom">
          </div> <!-- main-panel-content rounded-window-bottom -->
        </div> <!-- panel -->
        <div panel-name="chronological-ShowSlinger" class="panel">
          <div class="main-panel-header rounded-window-top">
            <span class="header-content">Methods in chronological order</span>
          </div> <!-- main-panel-header rounded-window-top -->
          <div class="main-panel-content rounded-window-bottom">
            <div class="chronological-class">
              <div class="chronological-class-name">showslinger_user.Feature_Pass</div> <!-- chronological-class-name -->
              <div class="configuration-suite before">
                <span class="method-name">initBeforeSuite</span>
                <span class="method-start">0 ms</span>
              </div> <!-- configuration-suite before -->
              <div class="configuration-class before">
                <span class="method-name">beforeClass(chrome, homepage)</span>
                <span class="method-start">26 ms</span>
              </div> <!-- configuration-class before -->
              <div class="test-method">
                <span class="method-name">Pass_OpenUrlAndLogin</span>
                <span class="method-start">23910 ms</span>
              </div> <!-- test-method -->
              <div class="test-method">
                <span class="method-name">Pass_001_CreatePassFail</span>
                <span class="method-start">71775 ms</span>
              </div> <!-- test-method -->
              <div class="test-method">
                <span class="method-name">Pass_002_CreatePassSuccessSingleQR</span>
                <span class="method-start">75331 ms</span>
              </div> <!-- test-method -->
              <div class="test-method">
                <span class="method-name">Pass_003_CreatePassuccessMultiTicket</span>
                <span class="method-start">85164 ms</span>
              </div> <!-- test-method -->
              <div class="test-method">
                <span class="method-name">Pass_004_CreatePassuccessAccessCode</span>
                <span class="method-start">93532 ms</span>
              </div> <!-- test-method -->
              <div class="test-method">
                <span class="method-name">Pass_005_SwitchStatusPass</span>
                <span class="method-start">109764 ms</span>
              </div> <!-- test-method -->
              <div class="test-method">
                <span class="method-name">Pass_006_EditPassSuccess</span>
                <span class="method-start">131148 ms</span>
              </div> <!-- test-method -->
              <div class="test-method">
                <span class="method-name">Pass_007_DeletePassSuccess</span>
                <span class="method-start">141344 ms</span>
              </div> <!-- test-method -->
              <div class="test-method">
                <span class="method-name">BuyPass_BuyPassAccessCode</span>
                <span class="method-start">154023 ms</span>
              </div> <!-- test-method -->
              <div class="test-method">
                <span class="method-name">ApplyPass_001_OpenUrlBoxOffice</span>
                <span class="method-start">202748 ms</span>
              </div> <!-- test-method -->
              <div class="test-method">
                <span class="method-name">ApplyPass_002_ApplyForBoxMultiPassEventNotSupport</span>
                <span class="method-start">205499 ms</span>
              </div> <!-- test-method -->
              <div class="test-method">
                <span class="method-name">ApplyPass_003_ApplyForBoxMultiPassOfficeSuccess</span>
                <span class="method-start">212159 ms</span>
              </div> <!-- test-method -->
              <div class="test-method">
                <span class="method-name">ApplyPass_004_ApplyForBoxMultiPassTicketInvalid</span>
                <span class="method-start">226004 ms</span>
              </div> <!-- test-method -->
              <div class="test-method">
                <img src="failed.png">
                </img>
                <span class="method-name">BuyPass_BuyPassAccessCode_ForUseBuyOnline</span>
                <span class="method-start">227815 ms</span>
              </div> <!-- test-method -->
              <div class="test-method">
                <img src="failed.png">
                </img>
                <span class="method-name">ApplyPass_002_ApplyForBuyOnlineMultiPassEventNotSupport</span>
                <span class="method-start">278350 ms</span>
              </div> <!-- test-method -->
              <div class="test-method">
                <img src="failed.png">
                </img>
                <span class="method-name">ApplyPass_002_ApplyForBuyOnlineMultiPassOfficeSuccess</span>
                <span class="method-start">319463 ms</span>
              </div> <!-- test-method -->
              <div class="test-method">
                <img src="failed.png">
                </img>
                <span class="method-name">ApplyPass_003_ApplyForBuyOnlineMultiPassTicketInvalid</span>
                <span class="method-start">320865 ms</span>
              </div> <!-- test-method -->
              <div class="test-method">
                <img src="failed.png">
                </img>
                <span class="method-name">Pass_DeleteAllPassSuccess</span>
                <span class="method-start">361853 ms</span>
              </div> <!-- test-method -->
              <div class="configuration-class after">
                <span class="method-name">afterClass</span>
                <span class="method-start">402832 ms</span>
              </div> <!-- configuration-class after -->
          </div> <!-- main-panel-content rounded-window-bottom -->
        </div> <!-- panel -->
      </div> <!-- main-panel-root -->
    </div> <!-- wrapper -->
  </body>
</html>
